
2021-12-03 08:52:17,181 - - Tread:MainThread-->23700 - - my_log.py:28 - - DEBUG----> debug日志
2021-12-03 08:52:17,182 - - Tread:MainThread-->23700 - - my_log.py:29 - - INFO----> info日志
2021-12-04 14:46:04,181 - - Tread:MainThread-->27168 - - test_login.py:31 - - INFO----> 调用接口开始
2021-12-04 14:54:57,384 - - Tread:MainThread-->2380 - - test_login.py:31 - - INFO----> 调用接口开始
2021-12-04 14:56:19,085 - - Tread:MainThread-->25152 - - test_login.py:31 - - INFO----> 调用接口开始
2021-12-04 14:56:19,102 - - Tread:MainThread-->25152 - - test_login.py:39 - - INFO----> 调用接口结束
2021-12-04 14:56:19,137 - - Tread:MainThread-->25152 - - test_login.py:50 - - ERROR----> {'message': '登录成功!', 'status': '200'} != '{"message":"登录成功!","status":"200"}'
2021-12-04 14:57:31,048 - - Tread:MainThread-->24396 - - test_login.py:31 - - INFO----> 调用接口开始
2021-12-04 14:57:31,067 - - Tread:MainThread-->24396 - - test_login.py:39 - - INFO----> 调用接口结束
2021-12-04 14:58:12,757 - - Tread:MainThread-->18172 - - test_login.py:31 - - INFO----> 调用接口开始
2021-12-04 14:58:12,772 - - Tread:MainThread-->18172 - - test_login.py:39 - - INFO----> 调用接口结束
2021-12-04 20:24:24,330 - - Tread:MainThread-->4204 - - test_login.py:31 - - INFO----> 调用接口开始
2021-12-04 20:24:24,387 - - Tread:MainThread-->4204 - - test_login.py:39 - - INFO----> 调用接口结束
2021-12-04 21:00:22,111 - - Tread:MainThread-->15540 - - test_login.py:32 - - INFO----> 调用接口开始
2021-12-04 21:00:22,133 - - Tread:MainThread-->15540 - - test_login.py:40 - - INFO----> 调用接口结束
2021-12-04 21:07:10,449 - - Tread:MainThread-->2436 - - test_login.py:32 - - INFO----> 调用接口开始
2021-12-04 21:07:10,468 - - Tread:MainThread-->2436 - - test_login.py:40 - - INFO----> 调用接口结束
2021-12-04 21:11:43,197 - - Tread:MainThread-->13936 - - test_login.py:32 - - INFO----> 调用接口开始
2021-12-04 21:11:43,219 - - Tread:MainThread-->13936 - - test_login.py:40 - - INFO----> 调用接口结束
2021-12-04 21:18:45,672 - - Tread:MainThread-->17352 - - test_login.py:32 - - INFO----> 调用接口开始
2021-12-04 21:18:45,692 - - Tread:MainThread-->17352 - - test_login.py:40 - - INFO----> 调用接口结束
2021-12-04 21:18:45,726 - - Tread:MainThread-->17352 - - test_login.py:51 - - ERROR----> '{"message": "登录成功!","status": "200"}' != {'message': '登录成功!', 'status': '200'}
2021-12-04 21:18:45,726 - - Tread:MainThread-->17352 - - test_login.py:32 - - INFO----> 调用接口开始
2021-12-04 21:18:45,736 - - Tread:MainThread-->17352 - - test_login.py:40 - - INFO----> 调用接口结束
2021-12-04 21:18:45,765 - - Tread:MainThread-->17352 - - test_login.py:51 - - ERROR----> None != {'data': '187000000251', 'message': '手机号格式不正确,请重新填写手机号!', 'status': '20004'}
2021-12-04 21:19:51,862 - - Tread:MainThread-->15244 - - test_login.py:32 - - INFO----> 调用接口开始
2021-12-04 21:19:51,887 - - Tread:MainThread-->15244 - - test_login.py:40 - - INFO----> 调用接口结束
2021-12-04 21:19:51,943 - - Tread:MainThread-->15244 - - test_login.py:32 - - INFO----> 调用接口开始
2021-12-04 21:19:51,963 - - Tread:MainThread-->15244 - - test_login.py:40 - - INFO----> 调用接口结束
2021-12-04 21:19:54,656 - - Tread:MainThread-->17904 - - test_login.py:32 - - INFO----> 调用接口开始
2021-12-04 21:19:54,671 - - Tread:MainThread-->17904 - - test_login.py:40 - - INFO----> 调用接口结束
2021-12-04 21:19:54,703 - - Tread:MainThread-->17904 - - test_login.py:32 - - INFO----> 调用接口开始
2021-12-04 21:19:54,710 - - Tread:MainThread-->17904 - - test_login.py:40 - - INFO----> 调用接口结束
2021-12-04 21:22:51,546 - - Tread:MainThread-->27284 - - test_login.py:32 - - INFO----> 调用接口开始
2021-12-04 21:22:51,563 - - Tread:MainThread-->27284 - - test_login.py:40 - - INFO----> 调用接口结束
2021-12-04 21:22:51,591 - - Tread:MainThread-->27284 - - test_login.py:32 - - INFO----> 调用接口开始
2021-12-04 21:22:51,599 - - Tread:MainThread-->27284 - - test_login.py:40 - - INFO----> 调用接口结束
2021-12-04 21:25:01,690 - - Tread:MainThread-->16576 - - test_login.py:33 - - INFO----> 调用接口开始
2021-12-04 21:25:01,714 - - Tread:MainThread-->16576 - - test_login.py:41 - - INFO----> 调用接口结束
2021-12-04 21:25:01,748 - - Tread:MainThread-->16576 - - test_login.py:33 - - INFO----> 调用接口开始
2021-12-04 21:25:01,757 - - Tread:MainThread-->16576 - - test_login.py:41 - - INFO----> 调用接口结束
2021-12-05 06:41:28,350 - - Tread:MainThread-->13868 - - test_login.py:34 - - INFO----> 调用接口开始
2021-12-05 06:41:28,403 - - Tread:MainThread-->13868 - - test_login.py:42 - - INFO----> 调用接口结束
2021-12-05 06:41:28,431 - - Tread:MainThread-->13868 - - test_login.py:34 - - INFO----> 调用接口开始
2021-12-05 06:41:28,438 - - Tread:MainThread-->13868 - - test_login.py:42 - - INFO----> 调用接口结束
2021-12-05 06:41:28,482 - - Tread:MainThread-->13868 - - test_login.py:95 - - INFO----> ----------->用例:注册成功不通过
2021-12-05 06:41:28,520 - - Tread:MainThread-->13868 - - test_login.py:95 - - INFO----> ----------->用例:手机号已注册不通过
2021-12-05 06:41:28,554 - - Tread:MainThread-->13868 - - test_login.py:100 - - INFO----> ----------->用例:手机号格式不正确不通过
2021-12-05 06:41:28,590 - - Tread:MainThread-->13868 - - test_login.py:100 - - INFO----> ----------->用例:密码长度不对不通过
2021-12-05 06:41:28,629 - - Tread:MainThread-->13868 - - test_login.py:100 - - INFO----> ----------->用例:账号已经注册过不通过
2021-12-05 06:45:39,042 - - Tread:MainThread-->22952 - - test_login.py:34 - - INFO----> 调用接口开始
2021-12-05 06:45:39,055 - - Tread:MainThread-->22952 - - test_login.py:42 - - INFO----> 调用接口结束
2021-12-05 06:45:39,059 - - Tread:MainThread-->22952 - - test_login.py:34 - - INFO----> 调用接口开始
2021-12-05 06:45:39,065 - - Tread:MainThread-->22952 - - test_login.py:42 - - INFO----> 调用接口结束
2021-12-05 06:45:39,085 - - Tread:MainThread-->22952 - - test_login.py:100 - - INFO----> ----------->用例:注册成功不通过
2021-12-05 06:45:39,100 - - Tread:MainThread-->22952 - - test_login.py:95 - - INFO----> ----------->用例:手机号已注册不通过
2021-12-05 06:45:39,111 - - Tread:MainThread-->22952 - - test_login.py:100 - - INFO----> ----------->用例:手机号格式不正确不通过
2021-12-05 06:45:39,126 - - Tread:MainThread-->22952 - - test_login.py:100 - - INFO----> ----------->用例:密码长度不对不通过
2021-12-05 06:45:39,142 - - Tread:MainThread-->22952 - - test_login.py:100 - - INFO----> ----------->用例:账号已经注册过不通过
2021-12-05 06:45:50,107 - - Tread:MainThread-->18368 - - test_login.py:34 - - INFO----> 调用接口开始
2021-12-05 06:45:50,120 - - Tread:MainThread-->18368 - - test_login.py:42 - - INFO----> 调用接口结束
2021-12-05 06:45:50,147 - - Tread:MainThread-->18368 - - test_login.py:34 - - INFO----> 调用接口开始
2021-12-05 06:45:50,154 - - Tread:MainThread-->18368 - - test_login.py:42 - - INFO----> 调用接口结束
2021-12-05 06:45:50,197 - - Tread:MainThread-->18368 - - test_login.py:95 - - INFO----> ----------->用例:注册成功不通过
2021-12-05 06:45:50,236 - - Tread:MainThread-->18368 - - test_login.py:95 - - INFO----> ----------->用例:手机号已注册不通过
2021-12-05 06:45:50,271 - - Tread:MainThread-->18368 - - test_login.py:100 - - INFO----> ----------->用例:手机号格式不正确不通过
2021-12-05 06:45:50,307 - - Tread:MainThread-->18368 - - test_login.py:100 - - INFO----> ----------->用例:密码长度不对不通过
2021-12-05 06:45:50,348 - - Tread:MainThread-->18368 - - test_login.py:100 - - INFO----> ----------->用例:账号已经注册过不通过
2021-12-05 06:54:27,304 - - Tread:MainThread-->5592 - - test_login.py:34 - - INFO----> 调用接口开始
2021-12-05 06:54:27,322 - - Tread:MainThread-->5592 - - test_login.py:42 - - INFO----> 调用接口结束
2021-12-05 06:54:27,348 - - Tread:MainThread-->5592 - - test_login.py:34 - - INFO----> 调用接口开始
2021-12-05 06:54:27,355 - - Tread:MainThread-->5592 - - test_login.py:42 - - INFO----> 调用接口结束
2021-12-05 06:54:27,380 - - Tread:MainThread-->5592 - - test_login.py:87 - - INFO----> 调用注册成功接口开始
2021-12-05 06:54:27,392 - - Tread:MainThread-->5592 - - test_login.py:89 - - INFO----> 调用注册成功接口结束响应结果为:{"message":"注册成功!","status":"200"}
2021-12-05 06:54:27,393 - - Tread:MainThread-->5592 - - test_login.py:100 - - INFO----> ----------->用例:注册成功不通过
2021-12-05 06:54:27,417 - - Tread:MainThread-->5592 - - test_login.py:87 - - INFO----> 调用手机号已注册接口开始
2021-12-05 06:54:27,426 - - Tread:MainThread-->5592 - - test_login.py:89 - - INFO----> 调用手机号已注册接口结束响应结果为:{"message":"账号已经注册过,请重新选择账号!","status":"20005"}
2021-12-05 06:54:27,427 - - Tread:MainThread-->5592 - - test_login.py:95 - - INFO----> ----------->用例:手机号已注册不通过
2021-12-05 06:54:27,453 - - Tread:MainThread-->5592 - - test_login.py:87 - - INFO----> 调用手机号格式不正确接口开始
2021-12-05 06:54:27,459 - - Tread:MainThread-->5592 - - test_login.py:89 - - INFO----> 调用手机号格式不正确接口结束响应结果为:{"message":"手机号格式不正确,请重新填写手机号!","status":"20002"}
2021-12-05 06:54:27,459 - - Tread:MainThread-->5592 - - test_login.py:100 - - INFO----> ----------->用例:手机号格式不正确不通过
2021-12-05 06:54:27,484 - - Tread:MainThread-->5592 - - test_login.py:87 - - INFO----> 调用密码长度不对接口开始
2021-12-05 06:54:27,491 - - Tread:MainThread-->5592 - - test_login.py:89 - - INFO----> 调用密码长度不对接口结束响应结果为:{"message":"密码长度必须大于6,请重新填写密码!","status":"20003"}
2021-12-05 06:54:27,491 - - Tread:MainThread-->5592 - - test_login.py:100 - - INFO----> ----------->用例:密码长度不对不通过
2021-12-05 06:54:27,516 - - Tread:MainThread-->5592 - - test_login.py:87 - - INFO----> 调用账号已经注册过接口开始
2021-12-05 06:54:27,528 - - Tread:MainThread-->5592 - - test_login.py:89 - - INFO----> 调用账号已经注册过接口结束响应结果为:{"message":"账号已经注册过,请重新选择账号!","status":"20005"}
2021-12-05 06:54:27,528 - - Tread:MainThread-->5592 - - test_login.py:100 - - INFO----> ----------->用例:账号已经注册过不通过
2021-12-05 06:57:40,996 - - Tread:MainThread-->17416 - - test_login.py:34 - - INFO----> 调用接口开始
2021-12-05 06:57:41,008 - - Tread:MainThread-->17416 - - test_login.py:42 - - INFO----> 调用接口结束
2021-12-05 06:57:41,035 - - Tread:MainThread-->17416 - - test_login.py:34 - - INFO----> 调用接口开始
2021-12-05 06:57:41,041 - - Tread:MainThread-->17416 - - test_login.py:42 - - INFO----> 调用接口结束
2021-12-05 06:57:41,066 - - Tread:MainThread-->17416 - - test_login.py:87 - - INFO----> 调用注册成功接口开始
2021-12-05 06:57:41,078 - - Tread:MainThread-->17416 - - test_login.py:89 - - INFO----> 调用注册成功接口结束响应结果为:{"message":"注册成功!","status":"200"}
2021-12-05 06:57:41,079 - - Tread:MainThread-->17416 - - test_login.py:100 - - INFO----> ----------->用例:注册成功通过
2021-12-05 06:57:41,103 - - Tread:MainThread-->17416 - - test_login.py:87 - - INFO----> 调用手机号已注册接口开始
2021-12-05 06:57:41,112 - - Tread:MainThread-->17416 - - test_login.py:89 - - INFO----> 调用手机号已注册接口结束响应结果为:{"message":"手机号已经注册过,请直接登录!","status":"20006"}
2021-12-05 06:57:41,112 - - Tread:MainThread-->17416 - - test_login.py:100 - - INFO----> ----------->用例:手机号已注册通过
2021-12-05 06:57:41,137 - - Tread:MainThread-->17416 - - test_login.py:87 - - INFO----> 调用手机号格式不正确接口开始
2021-12-05 06:57:41,143 - - Tread:MainThread-->17416 - - test_login.py:89 - - INFO----> 调用手机号格式不正确接口结束响应结果为:{"message":"手机号格式不正确,请重新填写手机号!","status":"20002"}
2021-12-05 06:57:41,143 - - Tread:MainThread-->17416 - - test_login.py:100 - - INFO----> ----------->用例:手机号格式不正确通过
2021-12-05 06:57:41,168 - - Tread:MainThread-->17416 - - test_login.py:87 - - INFO----> 调用密码长度不对接口开始
2021-12-05 06:57:41,174 - - Tread:MainThread-->17416 - - test_login.py:89 - - INFO----> 调用密码长度不对接口结束响应结果为:{"message":"密码长度必须大于6,请重新填写密码!","status":"20003"}
2021-12-05 06:57:41,174 - - Tread:MainThread-->17416 - - test_login.py:100 - - INFO----> ----------->用例:密码长度不对通过
2021-12-05 06:57:41,200 - - Tread:MainThread-->17416 - - test_login.py:87 - - INFO----> 调用账号已经注册过接口开始
2021-12-05 06:57:41,209 - - Tread:MainThread-->17416 - - test_login.py:89 - - INFO----> 调用账号已经注册过接口结束响应结果为:{"message":"账号已经注册过,请重新选择账号!","status":"20005"}
2021-12-05 06:57:41,209 - - Tread:MainThread-->17416 - - test_login.py:100 - - INFO----> ----------->用例:账号已经注册过通过
2021-12-05 09:27:13,664 - - Tread:MainThread-->20724 - - test_login.py:34 - - INFO----> 调用接口开始
2021-12-05 09:27:13,726 - - Tread:MainThread-->20724 - - test_login.py:42 - - INFO----> 调用接口结束
2021-12-05 09:27:13,753 - - Tread:MainThread-->20724 - - test_login.py:34 - - INFO----> 调用接口开始
2021-12-05 09:27:13,760 - - Tread:MainThread-->20724 - - test_login.py:42 - - INFO----> 调用接口结束
2021-12-05 09:27:13,786 - - Tread:MainThread-->20724 - - test_login.py:87 - - INFO----> 调用注册成功接口开始
2021-12-05 09:27:13,806 - - Tread:MainThread-->20724 - - test_login.py:89 - - INFO----> 调用注册成功接口结束响应结果为:{"message":"注册成功!","status":"200"}
2021-12-05 09:27:13,806 - - Tread:MainThread-->20724 - - test_login.py:100 - - INFO----> ----------->用例:注册成功通过
2021-12-05 09:27:13,834 - - Tread:MainThread-->20724 - - test_login.py:87 - - INFO----> 调用手机号已注册接口开始
2021-12-05 09:27:13,843 - - Tread:MainThread-->20724 - - test_login.py:89 - - INFO----> 调用手机号已注册接口结束响应结果为:{"message":"手机号已经注册过,请直接登录!","status":"20006"}
2021-12-05 09:27:13,844 - - Tread:MainThread-->20724 - - test_login.py:100 - - INFO----> ----------->用例:手机号已注册通过
2021-12-05 09:27:13,870 - - Tread:MainThread-->20724 - - test_login.py:87 - - INFO----> 调用手机号格式不正确接口开始
2021-12-05 09:27:13,878 - - Tread:MainThread-->20724 - - test_login.py:89 - - INFO----> 调用手机号格式不正确接口结束响应结果为:{"message":"手机号格式不正确,请重新填写手机号!","status":"20002"}
2021-12-05 09:27:13,878 - - Tread:MainThread-->20724 - - test_login.py:100 - - INFO----> ----------->用例:手机号格式不正确通过
2021-12-05 09:27:13,905 - - Tread:MainThread-->20724 - - test_login.py:87 - - INFO----> 调用密码长度不对接口开始
2021-12-05 09:27:13,913 - - Tread:MainThread-->20724 - - test_login.py:89 - - INFO----> 调用密码长度不对接口结束响应结果为:{"message":"密码长度必须大于6,请重新填写密码!","status":"20003"}
2021-12-05 09:27:13,914 - - Tread:MainThread-->20724 - - test_login.py:100 - - INFO----> ----------->用例:密码长度不对通过
2021-12-05 09:27:13,940 - - Tread:MainThread-->20724 - - test_login.py:87 - - INFO----> 调用账号已经注册过接口开始
2021-12-05 09:27:13,949 - - Tread:MainThread-->20724 - - test_login.py:89 - - INFO----> 调用账号已经注册过接口结束响应结果为:{"message":"账号已经注册过,请重新选择账号!","status":"20005"}
2021-12-05 09:27:13,950 - - Tread:MainThread-->20724 - - test_login.py:100 - - INFO----> ----------->用例:账号已经注册过通过
2021-12-05 21:08:48,432 - - Tread:MainThread-->23612 - - test_login.py:35 - - INFO----> 调用接口开始
2021-12-05 21:08:48,594 - - Tread:MainThread-->23612 - - test_login.py:43 - - INFO----> 调用接口结束
2021-12-05 21:08:48,625 - - Tread:MainThread-->23612 - - test_login.py:35 - - INFO----> 调用接口开始
2021-12-05 21:08:48,633 - - Tread:MainThread-->23612 - - test_login.py:43 - - INFO----> 调用接口结束
2021-12-05 21:08:48,663 - - Tread:MainThread-->23612 - - test_login.py:91 - - INFO----> 调用注册成功接口开始
2021-12-05 21:08:48,682 - - Tread:MainThread-->23612 - - test_login.py:94 - - INFO----> 调用注册成功接口结束响应结果为:{"message":"注册成功!","status":"200"}
2021-12-05 21:08:48,683 - - Tread:MainThread-->23612 - - test_login.py:106 - - INFO----> ----------->用例:注册成功通过
2021-12-05 21:08:48,715 - - Tread:MainThread-->23612 - - test_login.py:91 - - INFO----> 调用手机号已注册接口开始
2021-12-05 21:08:48,743 - - Tread:MainThread-->23612 - - test_login.py:94 - - INFO----> 调用手机号已注册接口结束响应结果为:{"message":"手机号已经注册过,请直接登录!","status":"20006"}
2021-12-05 21:08:48,747 - - Tread:MainThread-->23612 - - test_login.py:91 - - INFO----> 调用手机号格式不正确接口开始
2021-12-05 21:08:48,764 - - Tread:MainThread-->23612 - - test_login.py:94 - - INFO----> 调用手机号格式不正确接口结束响应结果为:{"message":"手机号格式不正确,请重新填写手机号!","status":"20002"}
2021-12-05 21:08:48,765 - - Tread:MainThread-->23612 - - test_login.py:91 - - INFO----> 调用密码长度不对接口开始
2021-12-05 21:08:48,779 - - Tread:MainThread-->23612 - - test_login.py:94 - - INFO----> 调用密码长度不对接口结束响应结果为:{"message":"密码长度必须大于6,请重新填写密码!","status":"20003"}
2021-12-05 21:08:48,780 - - Tread:MainThread-->23612 - - test_login.py:91 - - INFO----> 调用账号已经注册过接口开始
2021-12-05 21:08:48,799 - - Tread:MainThread-->23612 - - test_login.py:94 - - INFO----> 调用账号已经注册过接口结束响应结果为:{"message":"账号已经注册过,请重新选择账号!","status":"20005"}
2021-12-05 21:12:04,384 - - Tread:MainThread-->4932 - - test_login.py:35 - - INFO----> 调用接口开始
2021-12-05 21:12:04,396 - - Tread:MainThread-->4932 - - test_login.py:43 - - INFO----> 调用接口结束
2021-12-05 21:12:04,423 - - Tread:MainThread-->4932 - - test_login.py:35 - - INFO----> 调用接口开始
2021-12-05 21:12:04,430 - - Tread:MainThread-->4932 - - test_login.py:43 - - INFO----> 调用接口结束
2021-12-05 21:12:04,456 - - Tread:MainThread-->4932 - - test_login.py:91 - - INFO----> 调用注册成功接口开始
2021-12-05 21:12:04,468 - - Tread:MainThread-->4932 - - test_login.py:94 - - INFO----> 调用注册成功接口结束响应结果为:{"message":"注册成功!","status":"200"}
2021-12-05 21:12:04,470 - - Tread:MainThread-->4932 - - test_login.py:107 - - INFO----> ----------->用例:注册成功通过
2021-12-05 21:12:04,495 - - Tread:MainThread-->4932 - - test_login.py:91 - - INFO----> 调用手机号已注册接口开始
2021-12-05 21:12:04,505 - - Tread:MainThread-->4932 - - test_login.py:94 - - INFO----> 调用手机号已注册接口结束响应结果为:{"message":"手机号已经注册过,请直接登录!","status":"20006"}
2021-12-05 21:12:04,505 - - Tread:MainThread-->4932 - - test_login.py:107 - - INFO----> ----------->用例:手机号已注册通过
2021-12-05 21:12:04,531 - - Tread:MainThread-->4932 - - test_login.py:91 - - INFO----> 调用手机号格式不正确接口开始
2021-12-05 21:12:04,538 - - Tread:MainThread-->4932 - - test_login.py:94 - - INFO----> 调用手机号格式不正确接口结束响应结果为:{"message":"手机号格式不正确,请重新填写手机号!","status":"20002"}
2021-12-05 21:12:04,539 - - Tread:MainThread-->4932 - - test_login.py:107 - - INFO----> ----------->用例:手机号格式不正确通过
2021-12-05 21:12:04,566 - - Tread:MainThread-->4932 - - test_login.py:91 - - INFO----> 调用密码长度不对接口开始
2021-12-05 21:12:04,574 - - Tread:MainThread-->4932 - - test_login.py:94 - - INFO----> 调用密码长度不对接口结束响应结果为:{"message":"密码长度必须大于6,请重新填写密码!","status":"20003"}
2021-12-05 21:12:04,574 - - Tread:MainThread-->4932 - - test_login.py:107 - - INFO----> ----------->用例:密码长度不对通过
2021-12-05 21:12:04,604 - - Tread:MainThread-->4932 - - test_login.py:91 - - INFO----> 调用账号已经注册过接口开始
2021-12-05 21:12:04,616 - - Tread:MainThread-->4932 - - test_login.py:94 - - INFO----> 调用账号已经注册过接口结束响应结果为:{"message":"账号已经注册过,请重新选择账号!","status":"20005"}
2021-12-05 21:12:04,616 - - Tread:MainThread-->4932 - - test_login.py:107 - - INFO----> ----------->用例:账号已经注册过通过
2021-12-06 05:58:39,156 - - Tread:MainThread-->12392 - - test_login.py:35 - - INFO----> 调用接口开始
2021-12-06 05:58:39,184 - - Tread:MainThread-->12392 - - test_login.py:43 - - INFO----> 调用接口结束
2021-12-06 05:58:39,233 - - Tread:MainThread-->12392 - - test_login.py:35 - - INFO----> 调用接口开始
2021-12-06 05:58:39,242 - - Tread:MainThread-->12392 - - test_login.py:43 - - INFO----> 调用接口结束
2021-12-06 05:58:39,290 - - Tread:MainThread-->12392 - - test_login.py:91 - - INFO----> 调用注册成功接口开始
2021-12-06 05:58:39,305 - - Tread:MainThread-->12392 - - test_login.py:94 - - INFO----> 调用注册成功接口结束响应结果为:{"message":"注册成功!","status":"200"}
2021-12-06 05:58:39,306 - - Tread:MainThread-->12392 - - test_login.py:107 - - INFO----> ----------->用例:注册成功通过
2021-12-06 05:58:39,355 - - Tread:MainThread-->12392 - - test_login.py:91 - - INFO----> 调用手机号已注册接口开始
2021-12-06 05:58:39,366 - - Tread:MainThread-->12392 - - test_login.py:94 - - INFO----> 调用手机号已注册接口结束响应结果为:{"message":"手机号已经注册过,请直接登录!","status":"20006"}
2021-12-06 05:58:39,366 - - Tread:MainThread-->12392 - - test_login.py:107 - - INFO----> ----------->用例:手机号已注册通过
2021-12-06 05:58:39,415 - - Tread:MainThread-->12392 - - test_login.py:91 - - INFO----> 调用手机号格式不正确接口开始
2021-12-06 05:58:39,422 - - Tread:MainThread-->12392 - - test_login.py:94 - - INFO----> 调用手机号格式不正确接口结束响应结果为:{"message":"手机号格式不正确,请重新填写手机号!","status":"20002"}
2021-12-06 05:58:39,422 - - Tread:MainThread-->12392 - - test_login.py:107 - - INFO----> ----------->用例:手机号格式不正确通过
2021-12-06 05:58:39,475 - - Tread:MainThread-->12392 - - test_login.py:91 - - INFO----> 调用密码长度不对接口开始
2021-12-06 05:58:39,482 - - Tread:MainThread-->12392 - - test_login.py:94 - - INFO----> 调用密码长度不对接口结束响应结果为:{"message":"密码长度必须大于6,请重新填写密码!","status":"20003"}
2021-12-06 05:58:39,482 - - Tread:MainThread-->12392 - - test_login.py:107 - - INFO----> ----------->用例:密码长度不对通过
2021-12-06 05:58:39,538 - - Tread:MainThread-->12392 - - test_login.py:91 - - INFO----> 调用账号已经注册过接口开始
2021-12-06 05:58:39,547 - - Tread:MainThread-->12392 - - test_login.py:94 - - INFO----> 调用账号已经注册过接口结束响应结果为:{"message":"账号已经注册过,请重新选择账号!","status":"20005"}
2021-12-06 05:58:39,547 - - Tread:MainThread-->12392 - - test_login.py:107 - - INFO----> ----------->用例:账号已经注册过通过
2021-12-06 06:00:06,980 - - Tread:MainThread-->15544 - - test_login.py:35 - - INFO----> 调用接口开始
2021-12-06 06:00:06,994 - - Tread:MainThread-->15544 - - test_login.py:43 - - INFO----> 调用接口结束
2021-12-06 06:00:07,043 - - Tread:MainThread-->15544 - - test_login.py:35 - - INFO----> 调用接口开始
2021-12-06 06:00:07,050 - - Tread:MainThread-->15544 - - test_login.py:43 - - INFO----> 调用接口结束
2021-12-06 06:00:07,100 - - Tread:MainThread-->15544 - - test_login.py:91 - - INFO----> 调用注册成功接口开始
2021-12-06 06:00:07,113 - - Tread:MainThread-->15544 - - test_login.py:94 - - INFO----> 调用注册成功接口结束响应结果为:{"message":"注册成功!","status":"200"}
2021-12-06 06:00:07,114 - - Tread:MainThread-->15544 - - test_login.py:107 - - INFO----> ----------->用例:注册成功通过
2021-12-06 06:00:07,164 - - Tread:MainThread-->15544 - - test_login.py:91 - - INFO----> 调用手机号已注册接口开始
2021-12-06 06:00:07,173 - - Tread:MainThread-->15544 - - test_login.py:94 - - INFO----> 调用手机号已注册接口结束响应结果为:{"message":"手机号已经注册过,请直接登录!","status":"20006"}
2021-12-06 06:00:07,173 - - Tread:MainThread-->15544 - - test_login.py:107 - - INFO----> ----------->用例:手机号已注册通过
2021-12-06 06:00:07,224 - - Tread:MainThread-->15544 - - test_login.py:91 - - INFO----> 调用手机号格式不正确接口开始
2021-12-06 06:00:07,232 - - Tread:MainThread-->15544 - - test_login.py:94 - - INFO----> 调用手机号格式不正确接口结束响应结果为:{"message":"手机号格式不正确,请重新填写手机号!","status":"20002"}
2021-12-06 06:00:07,233 - - Tread:MainThread-->15544 - - test_login.py:107 - - INFO----> ----------->用例:手机号格式不正确通过
2021-12-06 06:00:07,282 - - Tread:MainThread-->15544 - - test_login.py:91 - - INFO----> 调用密码长度不对接口开始
2021-12-06 06:00:07,290 - - Tread:MainThread-->15544 - - test_login.py:94 - - INFO----> 调用密码长度不对接口结束响应结果为:{"message":"密码长度必须大于6,请重新填写密码!","status":"20003"}
2021-12-06 06:00:07,290 - - Tread:MainThread-->15544 - - test_login.py:107 - - INFO----> ----------->用例:密码长度不对通过
2021-12-06 06:00:07,345 - - Tread:MainThread-->15544 - - test_login.py:91 - - INFO----> 调用账号已经注册过接口开始
2021-12-06 06:00:07,355 - - Tread:MainThread-->15544 - - test_login.py:94 - - INFO----> 调用账号已经注册过接口结束响应结果为:{"message":"账号已经注册过,请重新选择账号!","status":"20005"}
2021-12-06 06:00:07,355 - - Tread:MainThread-->15544 - - test_login.py:107 - - INFO----> ----------->用例:账号已经注册过通过
2021-12-08 15:30:13,135 - - Tread:MainThread-->11280 - - test_login.py:36 - - INFO----> 调用接口开始
2021-12-08 15:30:13,220 - - Tread:MainThread-->11280 - - test_login.py:44 - - INFO----> 调用接口结束
2021-12-08 15:30:13,270 - - Tread:MainThread-->11280 - - test_login.py:36 - - INFO----> 调用接口开始
2021-12-08 15:30:13,278 - - Tread:MainThread-->11280 - - test_login.py:44 - - INFO----> 调用接口结束
2021-12-08 15:30:13,330 - - Tread:MainThread-->11280 - - test_login.py:118 - - INFO----> 调用注册成功接口开始
2021-12-08 15:30:13,341 - - Tread:MainThread-->11280 - - test_login.py:121 - - INFO----> 调用注册成功接口结束响应结果为:{"message":"手机号格式不正确,请重新填写手机号!","status":"20002"}
2021-12-08 15:30:13,341 - - Tread:MainThread-->11280 - - test_login.py:131 - - INFO----> ----------->用例:注册成功不通过
2021-12-08 15:30:13,395 - - Tread:MainThread-->11280 - - test_login.py:118 - - INFO----> 调用手机号已注册接口开始
2021-12-08 15:30:13,407 - - Tread:MainThread-->11280 - - test_login.py:121 - - INFO----> 调用手机号已注册接口结束响应结果为:{"message":"手机号已经注册过,请直接登录!","status":"20006"}
2021-12-08 15:30:13,407 - - Tread:MainThread-->11280 - - test_login.py:136 - - INFO----> ----------->用例:手机号已注册通过
2021-12-08 15:30:13,461 - - Tread:MainThread-->11280 - - test_login.py:118 - - INFO----> 调用手机号格式不正确接口开始
2021-12-08 15:30:13,468 - - Tread:MainThread-->11280 - - test_login.py:121 - - INFO----> 调用手机号格式不正确接口结束响应结果为:{"message":"手机号格式不正确,请重新填写手机号!","status":"20002"}
2021-12-08 15:30:13,468 - - Tread:MainThread-->11280 - - test_login.py:136 - - INFO----> ----------->用例:手机号格式不正确通过
2021-12-08 15:30:13,519 - - Tread:MainThread-->11280 - - test_login.py:118 - - INFO----> 调用密码长度不对接口开始
2021-12-08 15:30:13,525 - - Tread:MainThread-->11280 - - test_login.py:121 - - INFO----> 调用密码长度不对接口结束响应结果为:{"message":"密码长度必须大于6,请重新填写密码!","status":"20003"}
2021-12-08 15:30:13,525 - - Tread:MainThread-->11280 - - test_login.py:136 - - INFO----> ----------->用例:密码长度不对通过
2021-12-08 15:30:13,580 - - Tread:MainThread-->11280 - - test_login.py:118 - - INFO----> 调用账号已经注册过接口开始
2021-12-08 15:30:13,589 - - Tread:MainThread-->11280 - - test_login.py:121 - - INFO----> 调用账号已经注册过接口结束响应结果为:{"message":"账号已经注册过,请重新选择账号!","status":"20005"}
2021-12-08 15:30:13,589 - - Tread:MainThread-->11280 - - test_login.py:136 - - INFO----> ----------->用例:账号已经注册过通过
2021-12-08 15:32:38,802 - - Tread:MainThread-->12496 - - test_login.py:36 - - INFO----> 调用接口开始
2021-12-08 15:32:38,818 - - Tread:MainThread-->12496 - - test_login.py:44 - - INFO----> 调用接口结束
2021-12-08 15:32:38,846 - - Tread:MainThread-->12496 - - test_login.py:36 - - INFO----> 调用接口开始
2021-12-08 15:32:38,853 - - Tread:MainThread-->12496 - - test_login.py:44 - - INFO----> 调用接口结束
2021-12-08 15:32:38,877 - - Tread:MainThread-->12496 - - test_login.py:118 - - INFO----> 调用注册成功接口开始
2021-12-08 15:32:38,884 - - Tread:MainThread-->12496 - - test_login.py:121 - - INFO----> 调用注册成功接口结束响应结果为:{"message":"手机号格式不正确,请重新填写手机号!","status":"20002"}
2021-12-08 15:32:38,885 - - Tread:MainThread-->12496 - - test_login.py:131 - - INFO----> ----------->用例:注册成功不通过
2021-12-08 15:32:38,912 - - Tread:MainThread-->12496 - - test_login.py:118 - - INFO----> 调用手机号已注册接口开始
2021-12-08 15:32:38,923 - - Tread:MainThread-->12496 - - test_login.py:121 - - INFO----> 调用手机号已注册接口结束响应结果为:{"message":"手机号已经注册过,请直接登录!","status":"20006"}
2021-12-08 15:32:38,924 - - Tread:MainThread-->12496 - - test_login.py:136 - - INFO----> ----------->用例:手机号已注册通过
2021-12-08 15:32:38,949 - - Tread:MainThread-->12496 - - test_login.py:118 - - INFO----> 调用手机号格式不正确接口开始
2021-12-08 15:32:38,956 - - Tread:MainThread-->12496 - - test_login.py:121 - - INFO----> 调用手机号格式不正确接口结束响应结果为:{"message":"手机号格式不正确,请重新填写手机号!","status":"20002"}
2021-12-08 15:32:38,956 - - Tread:MainThread-->12496 - - test_login.py:136 - - INFO----> ----------->用例:手机号格式不正确通过
2021-12-08 15:32:38,981 - - Tread:MainThread-->12496 - - test_login.py:118 - - INFO----> 调用密码长度不对接口开始
2021-12-08 15:32:38,988 - - Tread:MainThread-->12496 - - test_login.py:121 - - INFO----> 调用密码长度不对接口结束响应结果为:{"message":"密码长度必须大于6,请重新填写密码!","status":"20003"}
2021-12-08 15:32:38,989 - - Tread:MainThread-->12496 - - test_login.py:136 - - INFO----> ----------->用例:密码长度不对通过
2021-12-08 15:32:39,016 - - Tread:MainThread-->12496 - - test_login.py:118 - - INFO----> 调用账号已经注册过接口开始
2021-12-08 15:32:39,026 - - Tread:MainThread-->12496 - - test_login.py:121 - - INFO----> 调用账号已经注册过接口结束响应结果为:{"message":"账号已经注册过,请重新选择账号!","status":"20005"}
2021-12-08 15:32:39,027 - - Tread:MainThread-->12496 - - test_login.py:136 - - INFO----> ----------->用例:账号已经注册过通过
2021-12-08 15:32:50,941 - - Tread:MainThread-->14972 - - test_login.py:36 - - INFO----> 调用接口开始
2021-12-08 15:32:50,953 - - Tread:MainThread-->14972 - - test_login.py:44 - - INFO----> 调用接口结束
2021-12-08 15:32:51,005 - - Tread:MainThread-->14972 - - test_login.py:36 - - INFO----> 调用接口开始
2021-12-08 15:32:51,012 - - Tread:MainThread-->14972 - - test_login.py:44 - - INFO----> 调用接口结束
2021-12-08 15:32:51,063 - - Tread:MainThread-->14972 - - test_login.py:118 - - INFO----> 调用注册成功接口开始
2021-12-08 15:32:51,070 - - Tread:MainThread-->14972 - - test_login.py:121 - - INFO----> 调用注册成功接口结束响应结果为:{"message":"手机号格式不正确,请重新填写手机号!","status":"20002"}
2021-12-08 15:32:51,071 - - Tread:MainThread-->14972 - - test_login.py:131 - - INFO----> ----------->用例:注册成功不通过
2021-12-08 15:32:51,124 - - Tread:MainThread-->14972 - - test_login.py:118 - - INFO----> 调用手机号已注册接口开始
2021-12-08 15:32:51,133 - - Tread:MainThread-->14972 - - test_login.py:121 - - INFO----> 调用手机号已注册接口结束响应结果为:{"message":"手机号已经注册过,请直接登录!","status":"20006"}
2021-12-08 15:32:51,133 - - Tread:MainThread-->14972 - - test_login.py:136 - - INFO----> ----------->用例:手机号已注册通过
2021-12-08 15:32:51,185 - - Tread:MainThread-->14972 - - test_login.py:118 - - INFO----> 调用手机号格式不正确接口开始
2021-12-08 15:32:51,192 - - Tread:MainThread-->14972 - - test_login.py:121 - - INFO----> 调用手机号格式不正确接口结束响应结果为:{"message":"手机号格式不正确,请重新填写手机号!","status":"20002"}
2021-12-08 15:32:51,192 - - Tread:MainThread-->14972 - - test_login.py:136 - - INFO----> ----------->用例:手机号格式不正确通过
2021-12-08 15:32:51,247 - - Tread:MainThread-->14972 - - test_login.py:118 - - INFO----> 调用密码长度不对接口开始
2021-12-08 15:32:51,254 - - Tread:MainThread-->14972 - - test_login.py:121 - - INFO----> 调用密码长度不对接口结束响应结果为:{"message":"密码长度必须大于6,请重新填写密码!","status":"20003"}
2021-12-08 15:32:51,254 - - Tread:MainThread-->14972 - - test_login.py:136 - - INFO----> ----------->用例:密码长度不对通过
2021-12-08 15:32:51,313 - - Tread:MainThread-->14972 - - test_login.py:118 - - INFO----> 调用账号已经注册过接口开始
2021-12-08 15:32:51,322 - - Tread:MainThread-->14972 - - test_login.py:121 - - INFO----> 调用账号已经注册过接口结束响应结果为:{"message":"账号已经注册过,请重新选择账号!","status":"20005"}
2021-12-08 15:32:51,322 - - Tread:MainThread-->14972 - - test_login.py:136 - - INFO----> ----------->用例:账号已经注册过通过
2021-12-08 15:33:44,728 - - Tread:MainThread-->18956 - - test_login.py:36 - - INFO----> 调用接口开始
2021-12-08 15:33:44,739 - - Tread:MainThread-->18956 - - test_login.py:44 - - INFO----> 调用接口结束
2021-12-08 15:33:44,790 - - Tread:MainThread-->18956 - - test_login.py:36 - - INFO----> 调用接口开始
2021-12-08 15:33:44,799 - - Tread:MainThread-->18956 - - test_login.py:44 - - INFO----> 调用接口结束
2021-12-08 15:33:44,849 - - Tread:MainThread-->18956 - - test_login.py:118 - - INFO----> 调用注册成功接口开始
2021-12-08 15:33:44,856 - - Tread:MainThread-->18956 - - test_login.py:121 - - INFO----> 调用注册成功接口结束响应结果为:{"message":"手机号格式不正确,请重新填写手机号!","status":"20002"}
2021-12-08 15:33:44,856 - - Tread:MainThread-->18956 - - test_login.py:131 - - INFO----> ----------->用例:注册成功不通过
2021-12-08 15:33:44,906 - - Tread:MainThread-->18956 - - test_login.py:118 - - INFO----> 调用手机号已注册接口开始
2021-12-08 15:33:44,915 - - Tread:MainThread-->18956 - - test_login.py:121 - - INFO----> 调用手机号已注册接口结束响应结果为:{"message":"手机号已经注册过,请直接登录!","status":"20006"}
2021-12-08 15:33:44,915 - - Tread:MainThread-->18956 - - test_login.py:136 - - INFO----> ----------->用例:手机号已注册通过
2021-12-08 15:33:44,965 - - Tread:MainThread-->18956 - - test_login.py:118 - - INFO----> 调用手机号格式不正确接口开始
2021-12-08 15:33:44,972 - - Tread:MainThread-->18956 - - test_login.py:121 - - INFO----> 调用手机号格式不正确接口结束响应结果为:{"message":"手机号格式不正确,请重新填写手机号!","status":"20002"}
2021-12-08 15:33:44,972 - - Tread:MainThread-->18956 - - test_login.py:136 - - INFO----> ----------->用例:手机号格式不正确通过
2021-12-08 15:33:45,023 - - Tread:MainThread-->18956 - - test_login.py:118 - - INFO----> 调用密码长度不对接口开始
2021-12-08 15:33:45,030 - - Tread:MainThread-->18956 - - test_login.py:121 - - INFO----> 调用密码长度不对接口结束响应结果为:{"message":"密码长度必须大于6,请重新填写密码!","status":"20003"}
2021-12-08 15:33:45,030 - - Tread:MainThread-->18956 - - test_login.py:136 - - INFO----> ----------->用例:密码长度不对通过
2021-12-08 15:33:45,086 - - Tread:MainThread-->18956 - - test_login.py:118 - - INFO----> 调用账号已经注册过接口开始
2021-12-08 15:33:45,097 - - Tread:MainThread-->18956 - - test_login.py:121 - - INFO----> 调用账号已经注册过接口结束响应结果为:{"message":"账号已经注册过,请重新选择账号!","status":"20005"}
2021-12-08 15:33:45,098 - - Tread:MainThread-->18956 - - test_login.py:136 - - INFO----> ----------->用例:账号已经注册过通过
2021-12-08 15:36:23,220 - - Tread:MainThread-->14984 - - test_login.py:36 - - INFO----> 调用接口开始
2021-12-08 15:36:23,235 - - Tread:MainThread-->14984 - - test_login.py:44 - - INFO----> 调用接口结束
2021-12-08 15:36:23,288 - - Tread:MainThread-->14984 - - test_login.py:36 - - INFO----> 调用接口开始
2021-12-08 15:36:23,294 - - Tread:MainThread-->14984 - - test_login.py:44 - - INFO----> 调用接口结束
2021-12-08 15:36:23,351 - - Tread:MainThread-->14984 - - test_login.py:118 - - INFO----> 调用注册成功接口开始
2021-12-08 15:36:23,358 - - Tread:MainThread-->14984 - - test_login.py:121 - - INFO----> 调用注册成功接口结束响应结果为:{"message":"手机号格式不正确,请重新填写手机号!","status":"20002"}
2021-12-08 15:36:23,358 - - Tread:MainThread-->14984 - - test_login.py:131 - - INFO----> ----------->用例:注册成功不通过
2021-12-08 15:36:23,414 - - Tread:MainThread-->14984 - - test_login.py:118 - - INFO----> 调用手机号已注册接口开始
2021-12-08 15:36:23,424 - - Tread:MainThread-->14984 - - test_login.py:121 - - INFO----> 调用手机号已注册接口结束响应结果为:{"message":"手机号已经注册过,请直接登录!","status":"20006"}
2021-12-08 15:36:23,425 - - Tread:MainThread-->14984 - - test_login.py:137 - - INFO----> ----------->用例:手机号已注册通过
2021-12-08 15:36:23,487 - - Tread:MainThread-->14984 - - test_login.py:118 - - INFO----> 调用手机号格式不正确接口开始
2021-12-08 15:36:23,494 - - Tread:MainThread-->14984 - - test_login.py:121 - - INFO----> 调用手机号格式不正确接口结束响应结果为:{"message":"手机号格式不正确,请重新填写手机号!","status":"20002"}
2021-12-08 15:36:23,494 - - Tread:MainThread-->14984 - - test_login.py:137 - - INFO----> ----------->用例:手机号格式不正确通过
2021-12-08 15:36:23,549 - - Tread:MainThread-->14984 - - test_login.py:118 - - INFO----> 调用密码长度不对接口开始
2021-12-08 15:36:23,555 - - Tread:MainThread-->14984 - - test_login.py:121 - - INFO----> 调用密码长度不对接口结束响应结果为:{"message":"密码长度必须大于6,请重新填写密码!","status":"20003"}
2021-12-08 15:36:23,555 - - Tread:MainThread-->14984 - - test_login.py:137 - - INFO----> ----------->用例:密码长度不对通过
2021-12-08 15:36:23,612 - - Tread:MainThread-->14984 - - test_login.py:118 - - INFO----> 调用账号已经注册过接口开始
2021-12-08 15:36:23,620 - - Tread:MainThread-->14984 - - test_login.py:121 - - INFO----> 调用账号已经注册过接口结束响应结果为:{"message":"账号已经注册过,请重新选择账号!","status":"20005"}
2021-12-08 15:36:23,620 - - Tread:MainThread-->14984 - - test_login.py:137 - - INFO----> ----------->用例:账号已经注册过通过
2021-12-08 15:37:23,457 - - Tread:MainThread-->24652 - - test_login.py:36 - - INFO----> 调用接口开始
2021-12-08 15:37:23,469 - - Tread:MainThread-->24652 - - test_login.py:44 - - INFO----> 调用接口结束
2021-12-08 15:37:23,519 - - Tread:MainThread-->24652 - - test_login.py:36 - - INFO----> 调用接口开始
2021-12-08 15:37:23,525 - - Tread:MainThread-->24652 - - test_login.py:44 - - INFO----> 调用接口结束
2021-12-08 15:37:23,575 - - Tread:MainThread-->24652 - - test_login.py:118 - - INFO----> 调用注册成功接口开始
2021-12-08 15:37:23,581 - - Tread:MainThread-->24652 - - test_login.py:121 - - INFO----> 调用注册成功接口结束响应结果为:{"message":"手机号格式不正确,请重新填写手机号!","status":"20002"}
2021-12-08 15:37:23,582 - - Tread:MainThread-->24652 - - test_login.py:132 - - INFO----> ----------->用例:注册成功不通过
2021-12-08 15:37:23,633 - - Tread:MainThread-->24652 - - test_login.py:118 - - INFO----> 调用手机号已注册接口开始
2021-12-08 15:37:23,642 - - Tread:MainThread-->24652 - - test_login.py:121 - - INFO----> 调用手机号已注册接口结束响应结果为:{"message":"手机号已经注册过,请直接登录!","status":"20006"}
2021-12-08 15:37:23,642 - - Tread:MainThread-->24652 - - test_login.py:137 - - INFO----> ----------->用例:手机号已注册通过
2021-12-08 15:37:23,692 - - Tread:MainThread-->24652 - - test_login.py:118 - - INFO----> 调用手机号格式不正确接口开始
2021-12-08 15:37:23,699 - - Tread:MainThread-->24652 - - test_login.py:121 - - INFO----> 调用手机号格式不正确接口结束响应结果为:{"message":"手机号格式不正确,请重新填写手机号!","status":"20002"}
2021-12-08 15:37:23,699 - - Tread:MainThread-->24652 - - test_login.py:137 - - INFO----> ----------->用例:手机号格式不正确通过
2021-12-08 15:37:23,750 - - Tread:MainThread-->24652 - - test_login.py:118 - - INFO----> 调用密码长度不对接口开始
2021-12-08 15:37:23,757 - - Tread:MainThread-->24652 - - test_login.py:121 - - INFO----> 调用密码长度不对接口结束响应结果为:{"message":"密码长度必须大于6,请重新填写密码!","status":"20003"}
2021-12-08 15:37:23,757 - - Tread:MainThread-->24652 - - test_login.py:137 - - INFO----> ----------->用例:密码长度不对通过
2021-12-08 15:37:23,815 - - Tread:MainThread-->24652 - - test_login.py:118 - - INFO----> 调用账号已经注册过接口开始
2021-12-08 15:37:23,824 - - Tread:MainThread-->24652 - - test_login.py:121 - - INFO----> 调用账号已经注册过接口结束响应结果为:{"message":"账号已经注册过,请重新选择账号!","status":"20005"}
2021-12-08 15:37:23,824 - - Tread:MainThread-->24652 - - test_login.py:137 - - INFO----> ----------->用例:账号已经注册过通过
2021-12-08 15:41:47,925 - - Tread:MainThread-->20108 - - test_login.py:36 - - INFO----> 调用接口开始
2021-12-08 15:41:47,940 - - Tread:MainThread-->20108 - - test_login.py:44 - - INFO----> 调用接口结束
2021-12-08 15:41:47,996 - - Tread:MainThread-->20108 - - test_login.py:36 - - INFO----> 调用接口开始
2021-12-08 15:41:48,003 - - Tread:MainThread-->20108 - - test_login.py:44 - - INFO----> 调用接口结束
2021-12-08 15:41:48,056 - - Tread:MainThread-->20108 - - test_login.py:118 - - INFO----> 调用注册成功接口开始
2021-12-08 15:41:48,070 - - Tread:MainThread-->20108 - - test_login.py:121 - - INFO----> 调用注册成功接口结束响应结果为:{"message":"注册成功!","status":"200"}
2021-12-08 15:41:48,070 - - Tread:MainThread-->20108 - - test_login.py:132 - - INFO----> ----------->用例:注册成功不通过
2021-12-08 15:41:48,122 - - Tread:MainThread-->20108 - - test_login.py:118 - - INFO----> 调用手机号已注册接口开始
2021-12-08 15:41:48,132 - - Tread:MainThread-->20108 - - test_login.py:121 - - INFO----> 调用手机号已注册接口结束响应结果为:{"message":"手机号已经注册过,请直接登录!","status":"20006"}
2021-12-08 15:41:48,132 - - Tread:MainThread-->20108 - - test_login.py:137 - - INFO----> ----------->用例:手机号已注册通过
2021-12-08 15:41:48,187 - - Tread:MainThread-->20108 - - test_login.py:118 - - INFO----> 调用手机号格式不正确接口开始
2021-12-08 15:41:48,193 - - Tread:MainThread-->20108 - - test_login.py:121 - - INFO----> 调用手机号格式不正确接口结束响应结果为:{"message":"手机号格式不正确,请重新填写手机号!","status":"20002"}
2021-12-08 15:41:48,193 - - Tread:MainThread-->20108 - - test_login.py:137 - - INFO----> ----------->用例:手机号格式不正确通过
2021-12-08 15:41:48,247 - - Tread:MainThread-->20108 - - test_login.py:118 - - INFO----> 调用密码长度不对接口开始
2021-12-08 15:41:48,253 - - Tread:MainThread-->20108 - - test_login.py:121 - - INFO----> 调用密码长度不对接口结束响应结果为:{"message":"密码长度必须大于6,请重新填写密码!","status":"20003"}
2021-12-08 15:41:48,253 - - Tread:MainThread-->20108 - - test_login.py:137 - - INFO----> ----------->用例:密码长度不对通过
2021-12-08 15:41:48,315 - - Tread:MainThread-->20108 - - test_login.py:118 - - INFO----> 调用账号已经注册过接口开始
2021-12-08 15:41:48,323 - - Tread:MainThread-->20108 - - test_login.py:121 - - INFO----> 调用账号已经注册过接口结束响应结果为:{"message":"账号已经注册过,请重新选择账号!","status":"20005"}
2021-12-08 15:41:48,324 - - Tread:MainThread-->20108 - - test_login.py:137 - - INFO----> ----------->用例:账号已经注册过通过
2021-12-08 20:23:49,794 - - Tread:MainThread-->16720 - - test_login.py:36 - - INFO----> 调用接口开始
2021-12-08 20:23:49,857 - - Tread:MainThread-->16720 - - test_login.py:44 - - INFO----> 调用接口结束
2021-12-08 20:23:49,910 - - Tread:MainThread-->16720 - - test_login.py:36 - - INFO----> 调用接口开始
2021-12-08 20:23:49,918 - - Tread:MainThread-->16720 - - test_login.py:44 - - INFO----> 调用接口结束
2021-12-08 20:23:49,971 - - Tread:MainThread-->16720 - - test_login.py:119 - - INFO----> 调用注册成功接口开始
2021-12-08 20:23:49,986 - - Tread:MainThread-->16720 - - test_login.py:122 - - INFO----> 调用注册成功接口结束响应结果为:{"message":"注册成功!","status":"200"}
2021-12-08 20:23:49,987 - - Tread:MainThread-->16720 - - test_login.py:138 - - INFO----> ----------->用例:注册成功通过
2021-12-08 20:23:50,043 - - Tread:MainThread-->16720 - - test_login.py:119 - - INFO----> 调用手机号已注册接口开始
2021-12-08 20:23:50,054 - - Tread:MainThread-->16720 - - test_login.py:122 - - INFO----> 调用手机号已注册接口结束响应结果为:{"message":"手机号已经注册过,请直接登录!","status":"20006"}
2021-12-08 20:23:50,054 - - Tread:MainThread-->16720 - - test_login.py:138 - - INFO----> ----------->用例:手机号已注册通过
2021-12-08 20:23:50,116 - - Tread:MainThread-->16720 - - test_login.py:119 - - INFO----> 调用手机号格式不正确接口开始
2021-12-08 20:23:50,123 - - Tread:MainThread-->16720 - - test_login.py:122 - - INFO----> 调用手机号格式不正确接口结束响应结果为:{"message":"手机号格式不正确,请重新填写手机号!","status":"20002"}
2021-12-08 20:23:50,123 - - Tread:MainThread-->16720 - - test_login.py:138 - - INFO----> ----------->用例:手机号格式不正确通过
2021-12-08 20:23:50,175 - - Tread:MainThread-->16720 - - test_login.py:119 - - INFO----> 调用密码长度不对接口开始
2021-12-08 20:23:50,182 - - Tread:MainThread-->16720 - - test_login.py:122 - - INFO----> 调用密码长度不对接口结束响应结果为:{"message":"密码长度必须大于6,请重新填写密码!","status":"20003"}
2021-12-08 20:23:50,182 - - Tread:MainThread-->16720 - - test_login.py:138 - - INFO----> ----------->用例:密码长度不对通过
2021-12-08 20:23:50,242 - - Tread:MainThread-->16720 - - test_login.py:119 - - INFO----> 调用账号已经注册过接口开始
2021-12-08 20:23:50,251 - - Tread:MainThread-->16720 - - test_login.py:122 - - INFO----> 调用账号已经注册过接口结束响应结果为:{"message":"账号已经注册过,请重新选择账号!","status":"20005"}
2021-12-08 20:23:50,251 - - Tread:MainThread-->16720 - - test_login.py:138 - - INFO----> ----------->用例:账号已经注册过通过
2021-12-08 20:37:01,710 - - Tread:MainThread-->10472 - - test_login.py:36 - - INFO----> 调用接口开始
2021-12-08 20:37:01,736 - - Tread:MainThread-->10472 - - test_login.py:44 - - INFO----> 调用接口结束
2021-12-08 20:37:01,788 - - Tread:MainThread-->10472 - - test_login.py:36 - - INFO----> 调用接口开始
2021-12-08 20:37:01,794 - - Tread:MainThread-->10472 - - test_login.py:44 - - INFO----> 调用接口结束
2021-12-08 20:37:01,849 - - Tread:MainThread-->10472 - - test_login.py:119 - - INFO----> 执行注册成功用例,调用的手机号为:13913828922
2021-12-08 20:37:01,863 - - Tread:MainThread-->10472 - - test_login.py:122 - - INFO----> 调用注册成功接口结束响应结果为:{"message":"注册成功!","status":"200"}
2021-12-08 20:37:01,866 - - Tread:MainThread-->10472 - - test_login.py:140 - - INFO----> ----------->用例:注册成功通过
2021-12-08 20:37:01,915 - - Tread:MainThread-->10472 - - test_login.py:119 - - INFO----> 执行手机号已注册用例,调用的手机号为:13155555555
2021-12-08 20:37:01,925 - - Tread:MainThread-->10472 - - test_login.py:122 - - INFO----> 调用手机号已注册接口结束响应结果为:{"message":"手机号已经注册过,请直接登录!","status":"20006"}
2021-12-08 20:37:01,925 - - Tread:MainThread-->10472 - - test_login.py:140 - - INFO----> ----------->用例:手机号已注册通过
2021-12-08 20:37:01,975 - - Tread:MainThread-->10472 - - test_login.py:119 - - INFO----> 执行手机号格式不正确用例,调用的手机号为:187000000a0
2021-12-08 20:37:01,982 - - Tread:MainThread-->10472 - - test_login.py:122 - - INFO----> 调用手机号格式不正确接口结束响应结果为:{"message":"手机号格式不正确,请重新填写手机号!","status":"20002"}
2021-12-08 20:37:01,982 - - Tread:MainThread-->10472 - - test_login.py:140 - - INFO----> ----------->用例:手机号格式不正确通过
2021-12-08 20:37:02,032 - - Tread:MainThread-->10472 - - test_login.py:119 - - INFO----> 执行密码长度不对用例,调用的手机号为:18700001000
2021-12-08 20:37:02,039 - - Tread:MainThread-->10472 - - test_login.py:122 - - INFO----> 调用密码长度不对接口结束响应结果为:{"message":"密码长度必须大于6,请重新填写密码!","status":"20003"}
2021-12-08 20:37:02,039 - - Tread:MainThread-->10472 - - test_login.py:140 - - INFO----> ----------->用例:密码长度不对通过
2021-12-08 20:37:02,097 - - Tread:MainThread-->10472 - - test_login.py:119 - - INFO----> 执行账号已经注册过用例,调用的手机号为:18700000099
2021-12-08 20:37:02,106 - - Tread:MainThread-->10472 - - test_login.py:122 - - INFO----> 调用账号已经注册过接口结束响应结果为:{"message":"账号已经注册过,请重新选择账号!","status":"20005"}
2021-12-08 20:37:02,107 - - Tread:MainThread-->10472 - - test_login.py:140 - - INFO----> ----------->用例:账号已经注册过通过
2021-12-08 21:46:59,866 - - Tread:MainThread-->19560 - - test_login.py:36 - - INFO----> 调用接口开始
2021-12-08 21:46:59,896 - - Tread:MainThread-->19560 - - test_login.py:44 - - INFO----> 调用接口结束
2021-12-08 21:46:59,922 - - Tread:MainThread-->19560 - - test_login.py:36 - - INFO----> 调用接口开始
2021-12-08 21:46:59,929 - - Tread:MainThread-->19560 - - test_login.py:44 - - INFO----> 调用接口结束
2021-12-08 21:46:59,955 - - Tread:MainThread-->19560 - - test_login.py:119 - - INFO----> 执行注册成功用例,调用的手机号为:18433695340
2021-12-08 21:46:59,968 - - Tread:MainThread-->19560 - - test_login.py:122 - - INFO----> 调用注册成功接口结束响应结果为:{"message":"注册成功!","status":"200"}
2021-12-08 21:46:59,971 - - Tread:MainThread-->19560 - - test_login.py:140 - - INFO----> ----------->用例:注册成功通过
2021-12-08 21:46:59,998 - - Tread:MainThread-->19560 - - test_login.py:119 - - INFO----> 执行手机号已注册用例,调用的手机号为:13155555555
2021-12-08 21:47:00,008 - - Tread:MainThread-->19560 - - test_login.py:122 - - INFO----> 调用手机号已注册接口结束响应结果为:{"message":"手机号已经注册过,请直接登录!","status":"20006"}
2021-12-08 21:47:00,008 - - Tread:MainThread-->19560 - - test_login.py:140 - - INFO----> ----------->用例:手机号已注册通过
2021-12-08 21:47:00,035 - - Tread:MainThread-->19560 - - test_login.py:119 - - INFO----> 执行手机号格式不正确用例,调用的手机号为:187000000a0
2021-12-08 21:47:00,041 - - Tread:MainThread-->19560 - - test_login.py:122 - - INFO----> 调用手机号格式不正确接口结束响应结果为:{"message":"手机号格式不正确,请重新填写手机号!","status":"20002"}
2021-12-08 21:47:00,042 - - Tread:MainThread-->19560 - - test_login.py:140 - - INFO----> ----------->用例:手机号格式不正确通过
2021-12-08 21:47:00,067 - - Tread:MainThread-->19560 - - test_login.py:119 - - INFO----> 执行密码长度不对用例,调用的手机号为:18700001000
2021-12-08 21:47:00,074 - - Tread:MainThread-->19560 - - test_login.py:122 - - INFO----> 调用密码长度不对接口结束响应结果为:{"message":"密码长度必须大于6,请重新填写密码!","status":"20003"}
2021-12-08 21:47:00,074 - - Tread:MainThread-->19560 - - test_login.py:140 - - INFO----> ----------->用例:密码长度不对通过
2021-12-08 21:47:00,102 - - Tread:MainThread-->19560 - - test_login.py:119 - - INFO----> 执行账号已经注册过用例,调用的手机号为:18700000099
2021-12-08 21:47:00,117 - - Tread:MainThread-->19560 - - test_login.py:122 - - INFO----> 调用账号已经注册过接口结束响应结果为:{"message":"账号已经注册过,请重新选择账号!","status":"20005"}
2021-12-08 21:47:00,117 - - Tread:MainThread-->19560 - - test_login.py:140 - - INFO----> ----------->用例:账号已经注册过通过
2021-12-08 21:47:00,144 - - Tread:MainThread-->19560 - - test_recharge.py:36 - - INFO----> 调用接口开始
2021-12-08 21:47:00,150 - - Tread:MainThread-->19560 - - test_recharge.py:44 - - INFO----> 调用接口结束
2021-12-08 21:47:13,123 - - Tread:MainThread-->16512 - - test_login.py:36 - - INFO----> 调用接口开始
2021-12-08 21:47:13,136 - - Tread:MainThread-->16512 - - test_login.py:44 - - INFO----> 调用接口结束
2021-12-08 21:47:13,190 - - Tread:MainThread-->16512 - - test_login.py:36 - - INFO----> 调用接口开始
2021-12-08 21:47:13,197 - - Tread:MainThread-->16512 - - test_login.py:44 - - INFO----> 调用接口结束
2021-12-08 21:47:13,252 - - Tread:MainThread-->16512 - - test_login.py:119 - - INFO----> 执行注册成功用例,调用的手机号为:15964743399
2021-12-08 21:47:13,267 - - Tread:MainThread-->16512 - - test_login.py:122 - - INFO----> 调用注册成功接口结束响应结果为:{"message":"注册成功!","status":"200"}
2021-12-08 21:47:13,269 - - Tread:MainThread-->16512 - - test_login.py:140 - - INFO----> ----------->用例:注册成功通过
2021-12-08 21:47:13,322 - - Tread:MainThread-->16512 - - test_login.py:119 - - INFO----> 执行手机号已注册用例,调用的手机号为:13155555555
2021-12-08 21:47:13,332 - - Tread:MainThread-->16512 - - test_login.py:122 - - INFO----> 调用手机号已注册接口结束响应结果为:{"message":"手机号已经注册过,请直接登录!","status":"20006"}
2021-12-08 21:47:13,333 - - Tread:MainThread-->16512 - - test_login.py:140 - - INFO----> ----------->用例:手机号已注册通过
2021-12-08 21:47:13,389 - - Tread:MainThread-->16512 - - test_login.py:119 - - INFO----> 执行手机号格式不正确用例,调用的手机号为:187000000a0
2021-12-08 21:47:13,396 - - Tread:MainThread-->16512 - - test_login.py:122 - - INFO----> 调用手机号格式不正确接口结束响应结果为:{"message":"手机号格式不正确,请重新填写手机号!","status":"20002"}
2021-12-08 21:47:13,396 - - Tread:MainThread-->16512 - - test_login.py:140 - - INFO----> ----------->用例:手机号格式不正确通过
2021-12-08 21:47:13,458 - - Tread:MainThread-->16512 - - test_login.py:119 - - INFO----> 执行密码长度不对用例,调用的手机号为:18700001000
2021-12-08 21:47:13,464 - - Tread:MainThread-->16512 - - test_login.py:122 - - INFO----> 调用密码长度不对接口结束响应结果为:{"message":"密码长度必须大于6,请重新填写密码!","status":"20003"}
2021-12-08 21:47:13,464 - - Tread:MainThread-->16512 - - test_login.py:140 - - INFO----> ----------->用例:密码长度不对通过
2021-12-08 21:47:13,517 - - Tread:MainThread-->16512 - - test_login.py:119 - - INFO----> 执行账号已经注册过用例,调用的手机号为:18700000099
2021-12-08 21:47:13,527 - - Tread:MainThread-->16512 - - test_login.py:122 - - INFO----> 调用账号已经注册过接口结束响应结果为:{"message":"账号已经注册过,请重新选择账号!","status":"20005"}
2021-12-08 21:47:13,527 - - Tread:MainThread-->16512 - - test_login.py:140 - - INFO----> ----------->用例:账号已经注册过通过
2021-12-08 21:47:13,583 - - Tread:MainThread-->16512 - - test_recharge.py:36 - - INFO----> 调用接口开始
2021-12-08 21:47:13,591 - - Tread:MainThread-->16512 - - test_recharge.py:44 - - INFO----> 调用接口结束
2021-12-08 21:47:13,653 - - Tread:MainThread-->16512 - - test_recharge.py:56 - - ERROR----> {'message': '充值成功!', 'status': '200'} != {'message': '用户未登录,请先登陆', 'status': '20020'}
- {'message': '充值成功!', 'status': '200'}
?              ^^^^^

+ {'message': '用户未登录,请先登陆', 'status': '20020'}
?              ^^^^^^^^^^                 ++

2021-12-08 22:01:23,180 - - Tread:MainThread-->18788 - - test_login.py:36 - - INFO----> 调用接口开始
2021-12-08 22:01:23,199 - - Tread:MainThread-->18788 - - test_login.py:44 - - INFO----> 调用接口结束
2021-12-08 22:01:23,253 - - Tread:MainThread-->18788 - - test_login.py:36 - - INFO----> 调用接口开始
2021-12-08 22:01:23,260 - - Tread:MainThread-->18788 - - test_login.py:44 - - INFO----> 调用接口结束
2021-12-08 22:01:23,315 - - Tread:MainThread-->18788 - - test_login.py:119 - - INFO----> 执行注册成功用例,调用的手机号为:18442213923
2021-12-08 22:01:23,330 - - Tread:MainThread-->18788 - - test_login.py:122 - - INFO----> 调用注册成功接口结束响应结果为:{"message":"注册成功!","status":"200"}
2021-12-08 22:01:23,333 - - Tread:MainThread-->18788 - - test_login.py:140 - - INFO----> ----------->用例:注册成功通过
2021-12-08 22:01:23,391 - - Tread:MainThread-->18788 - - test_login.py:119 - - INFO----> 执行手机号已注册用例,调用的手机号为:13155555555
2021-12-08 22:01:23,401 - - Tread:MainThread-->18788 - - test_login.py:122 - - INFO----> 调用手机号已注册接口结束响应结果为:{"message":"手机号已经注册过,请直接登录!","status":"20006"}
2021-12-08 22:01:23,402 - - Tread:MainThread-->18788 - - test_login.py:140 - - INFO----> ----------->用例:手机号已注册通过
2021-12-08 22:01:23,463 - - Tread:MainThread-->18788 - - test_login.py:119 - - INFO----> 执行手机号格式不正确用例,调用的手机号为:187000000a0
2021-12-08 22:01:23,470 - - Tread:MainThread-->18788 - - test_login.py:122 - - INFO----> 调用手机号格式不正确接口结束响应结果为:{"message":"手机号格式不正确,请重新填写手机号!","status":"20002"}
2021-12-08 22:01:23,470 - - Tread:MainThread-->18788 - - test_login.py:140 - - INFO----> ----------->用例:手机号格式不正确通过
2021-12-08 22:01:23,522 - - Tread:MainThread-->18788 - - test_login.py:119 - - INFO----> 执行密码长度不对用例,调用的手机号为:18700001000
2021-12-08 22:01:23,529 - - Tread:MainThread-->18788 - - test_login.py:122 - - INFO----> 调用密码长度不对接口结束响应结果为:{"message":"密码长度必须大于6,请重新填写密码!","status":"20003"}
2021-12-08 22:01:23,529 - - Tread:MainThread-->18788 - - test_login.py:140 - - INFO----> ----------->用例:密码长度不对通过
2021-12-08 22:01:23,582 - - Tread:MainThread-->18788 - - test_login.py:119 - - INFO----> 执行账号已经注册过用例,调用的手机号为:18700000099
2021-12-08 22:01:23,590 - - Tread:MainThread-->18788 - - test_login.py:122 - - INFO----> 调用账号已经注册过接口结束响应结果为:{"message":"账号已经注册过,请重新选择账号!","status":"20005"}
2021-12-08 22:01:23,590 - - Tread:MainThread-->18788 - - test_login.py:140 - - INFO----> ----------->用例:账号已经注册过通过
2021-12-08 22:01:23,645 - - Tread:MainThread-->18788 - - test_recharge.py:36 - - INFO----> 调用接口开始
2021-12-08 22:01:23,647 - - Tread:MainThread-->18788 - - test_recharge.py:36 - - INFO----> 调用接口开始
2021-12-08 22:15:00,985 - - Tread:MainThread-->8108 - - test_login.py:36 - - INFO----> 调用接口开始
2021-12-08 22:15:01,006 - - Tread:MainThread-->8108 - - test_login.py:44 - - INFO----> 调用接口结束
2021-12-08 22:15:01,069 - - Tread:MainThread-->8108 - - test_login.py:36 - - INFO----> 调用接口开始
2021-12-08 22:15:01,077 - - Tread:MainThread-->8108 - - test_login.py:44 - - INFO----> 调用接口结束
2021-12-08 22:15:01,143 - - Tread:MainThread-->8108 - - test_login.py:119 - - INFO----> 执行注册成功用例,调用的手机号为:18219412900
2021-12-08 22:15:01,158 - - Tread:MainThread-->8108 - - test_login.py:122 - - INFO----> 调用注册成功接口结束响应结果为:{"message":"注册成功!","status":"200"}
2021-12-08 22:15:01,162 - - Tread:MainThread-->8108 - - test_login.py:140 - - INFO----> ----------->用例:注册成功通过
2021-12-08 22:15:01,227 - - Tread:MainThread-->8108 - - test_login.py:119 - - INFO----> 执行手机号已注册用例,调用的手机号为:13155555555
2021-12-08 22:15:01,238 - - Tread:MainThread-->8108 - - test_login.py:122 - - INFO----> 调用手机号已注册接口结束响应结果为:{"message":"手机号已经注册过,请直接登录!","status":"20006"}
2021-12-08 22:15:01,238 - - Tread:MainThread-->8108 - - test_login.py:140 - - INFO----> ----------->用例:手机号已注册通过
2021-12-08 22:15:01,310 - - Tread:MainThread-->8108 - - test_login.py:119 - - INFO----> 执行手机号格式不正确用例,调用的手机号为:187000000a0
2021-12-08 22:15:01,319 - - Tread:MainThread-->8108 - - test_login.py:122 - - INFO----> 调用手机号格式不正确接口结束响应结果为:{"message":"手机号格式不正确,请重新填写手机号!","status":"20002"}
2021-12-08 22:15:01,320 - - Tread:MainThread-->8108 - - test_login.py:140 - - INFO----> ----------->用例:手机号格式不正确通过
2021-12-08 22:15:01,375 - - Tread:MainThread-->8108 - - test_login.py:119 - - INFO----> 执行密码长度不对用例,调用的手机号为:18700001000
2021-12-08 22:15:01,383 - - Tread:MainThread-->8108 - - test_login.py:122 - - INFO----> 调用密码长度不对接口结束响应结果为:{"message":"密码长度必须大于6,请重新填写密码!","status":"20003"}
2021-12-08 22:15:01,383 - - Tread:MainThread-->8108 - - test_login.py:140 - - INFO----> ----------->用例:密码长度不对通过
2021-12-08 22:15:01,438 - - Tread:MainThread-->8108 - - test_login.py:119 - - INFO----> 执行账号已经注册过用例,调用的手机号为:18700000099
2021-12-08 22:15:01,449 - - Tread:MainThread-->8108 - - test_login.py:122 - - INFO----> 调用账号已经注册过接口结束响应结果为:{"message":"账号已经注册过,请重新选择账号!","status":"20005"}
2021-12-08 22:15:01,449 - - Tread:MainThread-->8108 - - test_login.py:140 - - INFO----> ----------->用例:账号已经注册过通过
2021-12-08 22:15:01,507 - - Tread:MainThread-->8108 - - test_recharge.py:36 - - INFO----> 调用接口开始
2021-12-08 22:15:01,516 - - Tread:MainThread-->8108 - - test_recharge.py:44 - - INFO----> 调用接口结束
2021-12-08 22:15:01,569 - - Tread:MainThread-->8108 - - test_recharge.py:36 - - INFO----> 调用接口开始
2021-12-08 22:15:01,584 - - Tread:MainThread-->8108 - - test_recharge.py:44 - - INFO----> 调用接口结束
2021-12-08 22:24:10,675 - - Tread:MainThread-->24000 - - test_login.py:36 - - INFO----> 调用接口开始
2021-12-08 22:24:10,692 - - Tread:MainThread-->24000 - - test_login.py:44 - - INFO----> 调用接口结束
2021-12-08 22:24:10,746 - - Tread:MainThread-->24000 - - test_login.py:36 - - INFO----> 调用接口开始
2021-12-08 22:24:10,753 - - Tread:MainThread-->24000 - - test_login.py:44 - - INFO----> 调用接口结束
2021-12-08 22:24:10,818 - - Tread:MainThread-->24000 - - test_login.py:119 - - INFO----> 执行注册成功用例,调用的手机号为:15223406384
2021-12-08 22:24:10,836 - - Tread:MainThread-->24000 - - test_login.py:122 - - INFO----> 调用注册成功接口结束响应结果为:{"message":"注册成功!","status":"200"}
2021-12-08 22:24:10,842 - - Tread:MainThread-->24000 - - test_login.py:140 - - INFO----> ----------->用例:注册成功通过
2021-12-08 22:24:10,896 - - Tread:MainThread-->24000 - - test_login.py:119 - - INFO----> 执行手机号已注册用例,调用的手机号为:13155555555
2021-12-08 22:24:10,906 - - Tread:MainThread-->24000 - - test_login.py:122 - - INFO----> 调用手机号已注册接口结束响应结果为:{"message":"手机号已经注册过,请直接登录!","status":"20006"}
2021-12-08 22:24:10,906 - - Tread:MainThread-->24000 - - test_login.py:140 - - INFO----> ----------->用例:手机号已注册通过
2021-12-08 22:24:10,964 - - Tread:MainThread-->24000 - - test_login.py:119 - - INFO----> 执行手机号格式不正确用例,调用的手机号为:187000000a0
2021-12-08 22:24:10,970 - - Tread:MainThread-->24000 - - test_login.py:122 - - INFO----> 调用手机号格式不正确接口结束响应结果为:{"message":"手机号格式不正确,请重新填写手机号!","status":"20002"}
2021-12-08 22:24:10,970 - - Tread:MainThread-->24000 - - test_login.py:140 - - INFO----> ----------->用例:手机号格式不正确通过
2021-12-08 22:24:11,023 - - Tread:MainThread-->24000 - - test_login.py:119 - - INFO----> 执行密码长度不对用例,调用的手机号为:18700001000
2021-12-08 22:24:11,029 - - Tread:MainThread-->24000 - - test_login.py:122 - - INFO----> 调用密码长度不对接口结束响应结果为:{"message":"密码长度必须大于6,请重新填写密码!","status":"20003"}
2021-12-08 22:24:11,029 - - Tread:MainThread-->24000 - - test_login.py:140 - - INFO----> ----------->用例:密码长度不对通过
2021-12-08 22:24:11,083 - - Tread:MainThread-->24000 - - test_login.py:119 - - INFO----> 执行账号已经注册过用例,调用的手机号为:18700000099
2021-12-08 22:24:11,092 - - Tread:MainThread-->24000 - - test_login.py:122 - - INFO----> 调用账号已经注册过接口结束响应结果为:{"message":"账号已经注册过,请重新选择账号!","status":"20005"}
2021-12-08 22:24:11,092 - - Tread:MainThread-->24000 - - test_login.py:140 - - INFO----> ----------->用例:账号已经注册过通过
2021-12-08 22:24:11,146 - - Tread:MainThread-->24000 - - test_recharge.py:36 - - INFO----> 调用接口开始
2021-12-08 22:24:11,154 - - Tread:MainThread-->24000 - - test_recharge.py:44 - - INFO----> 调用接口结束
2021-12-08 22:24:11,205 - - Tread:MainThread-->24000 - - test_recharge.py:36 - - INFO----> 调用接口开始
2021-12-08 22:24:11,220 - - Tread:MainThread-->24000 - - test_recharge.py:44 - - INFO----> 调用接口结束
2021-12-09 09:45:13,515 - - Tread:MainThread-->7812 - - test_login.py:36 - - INFO----> 执行登陆成功用例,调用登陆接口,登陆手机号为:18700000025
2021-12-09 09:45:13,569 - - Tread:MainThread-->7812 - - test_login.py:44 - - INFO----> 调用登陆成功接口结束响应结果为:{"message":"登录成功!","status":"200"}
2021-12-09 09:45:13,569 - - Tread:MainThread-->7812 - - test_login.py:62 - - INFO----> 执行登陆成功用例,结果为通过
2021-12-09 09:45:13,623 - - Tread:MainThread-->7812 - - test_login.py:36 - - INFO----> 执行手机格式不正确用例,调用登陆接口,登陆手机号为:187000000251
2021-12-09 09:45:13,629 - - Tread:MainThread-->7812 - - test_login.py:44 - - INFO----> 调用手机格式不正确接口结束响应结果为:{"data":"187000000251","message":"手机号格式不正确,请重新填写手机号!","status":"20004"}
2021-12-09 09:45:13,629 - - Tread:MainThread-->7812 - - test_login.py:62 - - INFO----> 执行手机格式不正确用例,结果为通过
2021-12-09 09:45:13,682 - - Tread:MainThread-->7812 - - test_login.py:120 - - INFO----> 执行注册成功用例,调用注册接口,手机号为:15296417631
2021-12-09 09:45:13,698 - - Tread:MainThread-->7812 - - test_login.py:123 - - INFO----> 调用注册成功接口结束响应结果为:{"message":"注册成功!","status":"200"}
2021-12-09 09:45:13,702 - - Tread:MainThread-->7812 - - test_login.py:142 - - INFO----> 执行注册成功用例,结果为通过
2021-12-09 09:45:13,757 - - Tread:MainThread-->7812 - - test_login.py:120 - - INFO----> 执行手机号已注册用例,调用注册接口,手机号为:13155555555
2021-12-09 09:45:13,767 - - Tread:MainThread-->7812 - - test_login.py:123 - - INFO----> 调用手机号已注册接口结束响应结果为:{"message":"手机号已经注册过,请直接登录!","status":"20006"}
2021-12-09 09:45:13,767 - - Tread:MainThread-->7812 - - test_login.py:142 - - INFO----> 执行手机号已注册用例,结果为通过
2021-12-09 09:45:13,827 - - Tread:MainThread-->7812 - - test_login.py:120 - - INFO----> 执行手机号格式不正确用例,调用注册接口,手机号为:187000000a0
2021-12-09 09:45:13,834 - - Tread:MainThread-->7812 - - test_login.py:123 - - INFO----> 调用手机号格式不正确接口结束响应结果为:{"message":"手机号格式不正确,请重新填写手机号!","status":"20002"}
2021-12-09 09:45:13,834 - - Tread:MainThread-->7812 - - test_login.py:142 - - INFO----> 执行手机号格式不正确用例,结果为通过
2021-12-09 09:45:13,889 - - Tread:MainThread-->7812 - - test_login.py:120 - - INFO----> 执行密码长度不对用例,调用注册接口,手机号为:18700001000
2021-12-09 09:45:13,896 - - Tread:MainThread-->7812 - - test_login.py:123 - - INFO----> 调用密码长度不对接口结束响应结果为:{"message":"密码长度必须大于6,请重新填写密码!","status":"20003"}
2021-12-09 09:45:13,896 - - Tread:MainThread-->7812 - - test_login.py:142 - - INFO----> 执行密码长度不对用例,结果为通过
2021-12-09 09:45:13,951 - - Tread:MainThread-->7812 - - test_login.py:120 - - INFO----> 执行账号已经注册过用例,调用注册接口,手机号为:18700000099
2021-12-09 09:45:13,961 - - Tread:MainThread-->7812 - - test_login.py:123 - - INFO----> 调用账号已经注册过接口结束响应结果为:{"message":"账号已经注册过,请重新选择账号!","status":"20005"}
2021-12-09 09:45:13,961 - - Tread:MainThread-->7812 - - test_login.py:142 - - INFO----> 执行账号已经注册过用例,结果为通过
2021-12-09 09:45:14,014 - - Tread:MainThread-->7812 - - test_recharge.py:36 - - INFO----> 调用接口开始
2021-12-09 09:45:14,022 - - Tread:MainThread-->7812 - - test_recharge.py:44 - - INFO----> 调用接口结束
2021-12-09 09:45:14,076 - - Tread:MainThread-->7812 - - test_recharge.py:36 - - INFO----> 调用接口开始
2021-12-09 09:45:14,093 - - Tread:MainThread-->7812 - - test_recharge.py:44 - - INFO----> 调用接口结束
2021-12-09 10:26:02,642 - - Tread:MainThread-->916 - - test_login.py:36 - - INFO----> 执行登陆成功用例,调用登陆接口,登陆手机号为:18700000025
2021-12-09 10:26:02,675 - - Tread:MainThread-->916 - - test_login.py:44 - - INFO----> 调用登陆成功接口结束响应结果为:{"message":"登录成功!","status":"200"}
2021-12-09 10:26:02,675 - - Tread:MainThread-->916 - - test_login.py:62 - - INFO----> 执行登陆成功用例,结果为通过
2021-12-09 10:26:02,728 - - Tread:MainThread-->916 - - test_login.py:36 - - INFO----> 执行手机格式不正确用例,调用登陆接口,登陆手机号为:187000000251
2021-12-09 10:26:02,737 - - Tread:MainThread-->916 - - test_login.py:44 - - INFO----> 调用手机格式不正确接口结束响应结果为:{"data":"187000000251","message":"手机号格式不正确,请重新填写手机号!","status":"20004"}
2021-12-09 10:26:02,738 - - Tread:MainThread-->916 - - test_login.py:62 - - INFO----> 执行手机格式不正确用例,结果为通过
2021-12-09 10:26:02,791 - - Tread:MainThread-->916 - - test_login.py:120 - - INFO----> 执行注册成功用例,调用注册接口,手机号为:15996923963
2021-12-09 10:26:02,807 - - Tread:MainThread-->916 - - test_login.py:123 - - INFO----> 调用注册成功接口结束响应结果为:{"message":"注册成功!","status":"200"}
2021-12-09 10:26:02,814 - - Tread:MainThread-->916 - - test_login.py:142 - - INFO----> 执行注册成功用例,结果为通过
2021-12-09 10:26:02,873 - - Tread:MainThread-->916 - - test_login.py:120 - - INFO----> 执行手机号已注册用例,调用注册接口,手机号为:13155555555
2021-12-09 10:26:02,882 - - Tread:MainThread-->916 - - test_login.py:123 - - INFO----> 调用手机号已注册接口结束响应结果为:{"message":"手机号已经注册过,请直接登录!","status":"20006"}
2021-12-09 10:26:02,883 - - Tread:MainThread-->916 - - test_login.py:142 - - INFO----> 执行手机号已注册用例,结果为通过
2021-12-09 10:26:02,946 - - Tread:MainThread-->916 - - test_login.py:120 - - INFO----> 执行手机号格式不正确用例,调用注册接口,手机号为:187000000a0
2021-12-09 10:26:02,955 - - Tread:MainThread-->916 - - test_login.py:123 - - INFO----> 调用手机号格式不正确接口结束响应结果为:{"message":"手机号格式不正确,请重新填写手机号!","status":"20002"}
2021-12-09 10:26:02,955 - - Tread:MainThread-->916 - - test_login.py:142 - - INFO----> 执行手机号格式不正确用例,结果为通过
2021-12-09 10:26:03,013 - - Tread:MainThread-->916 - - test_login.py:120 - - INFO----> 执行密码长度不对用例,调用注册接口,手机号为:18700001000
2021-12-09 10:26:03,020 - - Tread:MainThread-->916 - - test_login.py:123 - - INFO----> 调用密码长度不对接口结束响应结果为:{"message":"密码长度必须大于6,请重新填写密码!","status":"20003"}
2021-12-09 10:26:03,020 - - Tread:MainThread-->916 - - test_login.py:142 - - INFO----> 执行密码长度不对用例,结果为通过
2021-12-09 10:26:03,074 - - Tread:MainThread-->916 - - test_login.py:120 - - INFO----> 执行账号已经注册过用例,调用注册接口,手机号为:18700000099
2021-12-09 10:26:03,085 - - Tread:MainThread-->916 - - test_login.py:123 - - INFO----> 调用账号已经注册过接口结束响应结果为:{"message":"账号已经注册过,请重新选择账号!","status":"20005"}
2021-12-09 10:26:03,085 - - Tread:MainThread-->916 - - test_login.py:142 - - INFO----> 执行账号已经注册过用例,结果为通过
2021-12-09 10:26:03,137 - - Tread:MainThread-->916 - - test_recharge.py:56 - - INFO----> 调用接口开始
2021-12-09 10:26:03,146 - - Tread:MainThread-->916 - - test_recharge.py:64 - - INFO----> 调用接口结束
2021-12-09 10:26:03,203 - - Tread:MainThread-->916 - - test_recharge.py:56 - - INFO----> 调用接口开始
2021-12-09 10:26:03,222 - - Tread:MainThread-->916 - - test_recharge.py:64 - - INFO----> 调用接口结束
2021-12-09 10:32:52,141 - - Tread:MainThread-->14844 - - test_login.py:36 - - INFO----> 执行登陆成功用例,调用登陆接口,登陆手机号为:18700000025
2021-12-09 10:32:52,160 - - Tread:MainThread-->14844 - - test_login.py:44 - - INFO----> 调用登陆成功接口结束响应结果为:{"message":"登录成功!","status":"200"}
2021-12-09 10:32:52,160 - - Tread:MainThread-->14844 - - test_login.py:62 - - INFO----> 执行登陆成功用例,结果为通过
2021-12-09 10:32:52,221 - - Tread:MainThread-->14844 - - test_login.py:36 - - INFO----> 执行手机格式不正确用例,调用登陆接口,登陆手机号为:187000000251
2021-12-09 10:32:52,228 - - Tread:MainThread-->14844 - - test_login.py:44 - - INFO----> 调用手机格式不正确接口结束响应结果为:{"data":"187000000251","message":"手机号格式不正确,请重新填写手机号!","status":"20004"}
2021-12-09 10:32:52,228 - - Tread:MainThread-->14844 - - test_login.py:62 - - INFO----> 执行手机格式不正确用例,结果为通过
2021-12-09 10:32:52,284 - - Tread:MainThread-->14844 - - test_login.py:120 - - INFO----> 执行注册成功用例,调用注册接口,手机号为:13656781570
2021-12-09 10:32:52,297 - - Tread:MainThread-->14844 - - test_login.py:123 - - INFO----> 调用注册成功接口结束响应结果为:{"message":"注册成功!","status":"200"}
2021-12-09 10:32:52,299 - - Tread:MainThread-->14844 - - test_login.py:142 - - INFO----> 执行注册成功用例,结果为通过
2021-12-09 10:32:52,354 - - Tread:MainThread-->14844 - - test_login.py:120 - - INFO----> 执行手机号已注册用例,调用注册接口,手机号为:13155555555
2021-12-09 10:32:52,363 - - Tread:MainThread-->14844 - - test_login.py:123 - - INFO----> 调用手机号已注册接口结束响应结果为:{"message":"手机号已经注册过,请直接登录!","status":"20006"}
2021-12-09 10:32:52,363 - - Tread:MainThread-->14844 - - test_login.py:142 - - INFO----> 执行手机号已注册用例,结果为通过
2021-12-09 10:32:52,422 - - Tread:MainThread-->14844 - - test_login.py:120 - - INFO----> 执行手机号格式不正确用例,调用注册接口,手机号为:187000000a0
2021-12-09 10:32:52,429 - - Tread:MainThread-->14844 - - test_login.py:123 - - INFO----> 调用手机号格式不正确接口结束响应结果为:{"message":"手机号格式不正确,请重新填写手机号!","status":"20002"}
2021-12-09 10:32:52,429 - - Tread:MainThread-->14844 - - test_login.py:142 - - INFO----> 执行手机号格式不正确用例,结果为通过
2021-12-09 10:32:52,484 - - Tread:MainThread-->14844 - - test_login.py:120 - - INFO----> 执行密码长度不对用例,调用注册接口,手机号为:18700001000
2021-12-09 10:32:52,491 - - Tread:MainThread-->14844 - - test_login.py:123 - - INFO----> 调用密码长度不对接口结束响应结果为:{"message":"密码长度必须大于6,请重新填写密码!","status":"20003"}
2021-12-09 10:32:52,491 - - Tread:MainThread-->14844 - - test_login.py:142 - - INFO----> 执行密码长度不对用例,结果为通过
2021-12-09 10:32:52,552 - - Tread:MainThread-->14844 - - test_login.py:120 - - INFO----> 执行账号已经注册过用例,调用注册接口,手机号为:18700000099
2021-12-09 10:32:52,564 - - Tread:MainThread-->14844 - - test_login.py:123 - - INFO----> 调用账号已经注册过接口结束响应结果为:{"message":"账号已经注册过,请重新选择账号!","status":"20005"}
2021-12-09 10:32:52,564 - - Tread:MainThread-->14844 - - test_login.py:142 - - INFO----> 执行账号已经注册过用例,结果为通过
2021-12-09 10:32:52,619 - - Tread:MainThread-->14844 - - test_recharge.py:57 - - INFO----> 调用接口开始
2021-12-09 10:32:52,627 - - Tread:MainThread-->14844 - - test_recharge.py:65 - - INFO----> 调用接口结束
2021-12-09 10:32:52,682 - - Tread:MainThread-->14844 - - test_recharge.py:57 - - INFO----> 调用接口开始
2021-12-09 10:32:52,697 - - Tread:MainThread-->14844 - - test_recharge.py:65 - - INFO----> 调用接口结束
2021-12-09 11:13:15,303 - - Tread:MainThread-->16980 - - test_login.py:36 - - INFO----> 执行登陆成功用例,调用登陆接口,登陆手机号为:18700000025
2021-12-09 11:13:15,339 - - Tread:MainThread-->16980 - - test_login.py:44 - - INFO----> 调用登陆成功接口结束响应结果为:{"message":"登录成功!","status":"200"}
2021-12-09 11:13:15,339 - - Tread:MainThread-->16980 - - test_login.py:62 - - INFO----> 执行登陆成功用例,结果为通过
2021-12-09 11:13:15,403 - - Tread:MainThread-->16980 - - test_login.py:36 - - INFO----> 执行手机格式不正确用例,调用登陆接口,登陆手机号为:187000000251
2021-12-09 11:13:15,411 - - Tread:MainThread-->16980 - - test_login.py:44 - - INFO----> 调用手机格式不正确接口结束响应结果为:{"data":"187000000251","message":"手机号格式不正确,请重新填写手机号!","status":"20004"}
2021-12-09 11:13:15,411 - - Tread:MainThread-->16980 - - test_login.py:62 - - INFO----> 执行手机格式不正确用例,结果为通过
2021-12-09 11:13:15,468 - - Tread:MainThread-->16980 - - test_login.py:120 - - INFO----> 执行注册成功用例,调用注册接口,手机号为:15261742499
2021-12-09 11:13:15,485 - - Tread:MainThread-->16980 - - test_login.py:123 - - INFO----> 调用注册成功接口结束响应结果为:{"message":"注册成功!","status":"200"}
2021-12-09 11:13:15,488 - - Tread:MainThread-->16980 - - test_login.py:142 - - INFO----> 执行注册成功用例,结果为通过
2021-12-09 11:13:15,547 - - Tread:MainThread-->16980 - - test_login.py:120 - - INFO----> 执行手机号已注册用例,调用注册接口,手机号为:13155555555
2021-12-09 11:13:15,557 - - Tread:MainThread-->16980 - - test_login.py:123 - - INFO----> 调用手机号已注册接口结束响应结果为:{"message":"手机号已经注册过,请直接登录!","status":"20006"}
2021-12-09 11:13:15,557 - - Tread:MainThread-->16980 - - test_login.py:142 - - INFO----> 执行手机号已注册用例,结果为通过
2021-12-09 11:13:15,620 - - Tread:MainThread-->16980 - - test_login.py:120 - - INFO----> 执行手机号格式不正确用例,调用注册接口,手机号为:187000000a0
2021-12-09 11:13:15,627 - - Tread:MainThread-->16980 - - test_login.py:123 - - INFO----> 调用手机号格式不正确接口结束响应结果为:{"message":"手机号格式不正确,请重新填写手机号!","status":"20002"}
2021-12-09 11:13:15,627 - - Tread:MainThread-->16980 - - test_login.py:142 - - INFO----> 执行手机号格式不正确用例,结果为通过
2021-12-09 11:13:15,684 - - Tread:MainThread-->16980 - - test_login.py:120 - - INFO----> 执行密码长度不对用例,调用注册接口,手机号为:18700001000
2021-12-09 11:13:15,693 - - Tread:MainThread-->16980 - - test_login.py:123 - - INFO----> 调用密码长度不对接口结束响应结果为:{"message":"密码长度必须大于6,请重新填写密码!","status":"20003"}
2021-12-09 11:13:15,693 - - Tread:MainThread-->16980 - - test_login.py:142 - - INFO----> 执行密码长度不对用例,结果为通过
2021-12-09 11:13:15,752 - - Tread:MainThread-->16980 - - test_login.py:120 - - INFO----> 执行账号已经注册过用例,调用注册接口,手机号为:18700000099
2021-12-09 11:13:15,767 - - Tread:MainThread-->16980 - - test_login.py:123 - - INFO----> 调用账号已经注册过接口结束响应结果为:{"message":"账号已经注册过,请重新选择账号!","status":"20005"}
2021-12-09 11:13:15,767 - - Tread:MainThread-->16980 - - test_login.py:142 - - INFO----> 执行账号已经注册过用例,结果为通过
2021-12-09 11:13:15,828 - - Tread:MainThread-->16980 - - test_recharge.py:62 - - INFO----> 调用接口开始
2021-12-09 11:13:15,838 - - Tread:MainThread-->16980 - - test_recharge.py:70 - - INFO----> 调用接口结束
2021-12-09 11:13:15,904 - - Tread:MainThread-->16980 - - test_recharge.py:62 - - INFO----> 调用接口开始
2021-12-09 11:13:15,923 - - Tread:MainThread-->16980 - - test_recharge.py:70 - - INFO----> 调用接口结束
2021-12-09 16:04:58,464 - - Tread:MainThread-->24560 - - test_login.py:36 - - INFO----> 执行登陆成功用例,调用登陆接口,登陆手机号为:18700000025
2021-12-09 16:04:58,517 - - Tread:MainThread-->24560 - - test_login.py:44 - - INFO----> 调用登陆成功接口结束响应结果为:{"message":"登录成功!","status":"200"}
2021-12-09 16:04:58,517 - - Tread:MainThread-->24560 - - test_login.py:62 - - INFO----> 执行登陆成功用例,结果为通过
2021-12-09 16:04:58,548 - - Tread:MainThread-->24560 - - test_login.py:36 - - INFO----> 执行手机格式不正确用例,调用登陆接口,登陆手机号为:187000000251
2021-12-09 16:04:58,555 - - Tread:MainThread-->24560 - - test_login.py:44 - - INFO----> 调用手机格式不正确接口结束响应结果为:{"data":"187000000251","message":"手机号格式不正确,请重新填写手机号!","status":"20004"}
2021-12-09 16:04:58,555 - - Tread:MainThread-->24560 - - test_login.py:62 - - INFO----> 执行手机格式不正确用例,结果为通过
2021-12-09 16:04:58,587 - - Tread:MainThread-->24560 - - test_login.py:120 - - INFO----> 执行注册成功用例,调用注册接口,手机号为:13657219232
2021-12-09 16:04:58,610 - - Tread:MainThread-->24560 - - test_login.py:123 - - INFO----> 调用注册成功接口结束响应结果为:{"message":"注册成功!","status":"200"}
2021-12-09 16:04:58,617 - - Tread:MainThread-->24560 - - test_login.py:142 - - INFO----> 执行注册成功用例,结果为通过
2021-12-09 16:04:58,650 - - Tread:MainThread-->24560 - - test_login.py:120 - - INFO----> 执行手机号已注册用例,调用注册接口,手机号为:13155555555
2021-12-09 16:04:58,661 - - Tread:MainThread-->24560 - - test_login.py:123 - - INFO----> 调用手机号已注册接口结束响应结果为:{"message":"手机号已经注册过,请直接登录!","status":"20006"}
2021-12-09 16:04:58,661 - - Tread:MainThread-->24560 - - test_login.py:142 - - INFO----> 执行手机号已注册用例,结果为通过
2021-12-09 16:04:58,695 - - Tread:MainThread-->24560 - - test_login.py:120 - - INFO----> 执行手机号格式不正确用例,调用注册接口,手机号为:187000000a0
2021-12-09 16:04:58,703 - - Tread:MainThread-->24560 - - test_login.py:123 - - INFO----> 调用手机号格式不正确接口结束响应结果为:{"message":"手机号格式不正确,请重新填写手机号!","status":"20002"}
2021-12-09 16:04:58,703 - - Tread:MainThread-->24560 - - test_login.py:142 - - INFO----> 执行手机号格式不正确用例,结果为通过
2021-12-09 16:04:58,733 - - Tread:MainThread-->24560 - - test_login.py:120 - - INFO----> 执行密码长度不对用例,调用注册接口,手机号为:18700001000
2021-12-09 16:04:58,740 - - Tread:MainThread-->24560 - - test_login.py:123 - - INFO----> 调用密码长度不对接口结束响应结果为:{"message":"密码长度必须大于6,请重新填写密码!","status":"20003"}
2021-12-09 16:04:58,740 - - Tread:MainThread-->24560 - - test_login.py:142 - - INFO----> 执行密码长度不对用例,结果为通过
2021-12-09 16:04:58,778 - - Tread:MainThread-->24560 - - test_login.py:120 - - INFO----> 执行账号已经注册过用例,调用注册接口,手机号为:18700000099
2021-12-09 16:04:58,788 - - Tread:MainThread-->24560 - - test_login.py:123 - - INFO----> 调用账号已经注册过接口结束响应结果为:{"message":"账号已经注册过,请重新选择账号!","status":"20005"}
2021-12-09 16:04:58,788 - - Tread:MainThread-->24560 - - test_login.py:142 - - INFO----> 执行账号已经注册过用例,结果为通过
2021-12-09 16:04:58,815 - - Tread:MainThread-->24560 - - test_recharge.py:62 - - INFO----> 调用接口开始
2021-12-09 16:04:58,823 - - Tread:MainThread-->24560 - - test_recharge.py:70 - - INFO----> 调用接口结束
2021-12-09 16:04:58,852 - - Tread:MainThread-->24560 - - test_recharge.py:62 - - INFO----> 调用接口开始
2021-12-09 16:04:58,868 - - Tread:MainThread-->24560 - - test_recharge.py:70 - - INFO----> 调用接口结束
2021-12-09 16:05:08,838 - - Tread:MainThread-->14860 - - test_login.py:36 - - INFO----> 执行登陆成功用例,调用登陆接口,登陆手机号为:18700000025
2021-12-09 16:05:08,851 - - Tread:MainThread-->14860 - - test_login.py:44 - - INFO----> 调用登陆成功接口结束响应结果为:{"message":"登录成功!","status":"200"}
2021-12-09 16:05:08,851 - - Tread:MainThread-->14860 - - test_login.py:62 - - INFO----> 执行登陆成功用例,结果为通过
2021-12-09 16:05:08,909 - - Tread:MainThread-->14860 - - test_login.py:36 - - INFO----> 执行手机格式不正确用例,调用登陆接口,登陆手机号为:187000000251
2021-12-09 16:05:08,916 - - Tread:MainThread-->14860 - - test_login.py:44 - - INFO----> 调用手机格式不正确接口结束响应结果为:{"data":"187000000251","message":"手机号格式不正确,请重新填写手机号!","status":"20004"}
2021-12-09 16:05:08,916 - - Tread:MainThread-->14860 - - test_login.py:62 - - INFO----> 执行手机格式不正确用例,结果为通过
2021-12-09 16:05:08,973 - - Tread:MainThread-->14860 - - test_login.py:120 - - INFO----> 执行注册成功用例,调用注册接口,手机号为:13415213273
2021-12-09 16:05:08,986 - - Tread:MainThread-->14860 - - test_login.py:123 - - INFO----> 调用注册成功接口结束响应结果为:{"message":"注册成功!","status":"200"}
2021-12-09 16:05:08,989 - - Tread:MainThread-->14860 - - test_login.py:142 - - INFO----> 执行注册成功用例,结果为通过
2021-12-09 16:05:09,044 - - Tread:MainThread-->14860 - - test_login.py:120 - - INFO----> 执行手机号已注册用例,调用注册接口,手机号为:13155555555
2021-12-09 16:05:09,054 - - Tread:MainThread-->14860 - - test_login.py:123 - - INFO----> 调用手机号已注册接口结束响应结果为:{"message":"手机号已经注册过,请直接登录!","status":"20006"}
2021-12-09 16:05:09,054 - - Tread:MainThread-->14860 - - test_login.py:142 - - INFO----> 执行手机号已注册用例,结果为通过
2021-12-09 16:05:09,123 - - Tread:MainThread-->14860 - - test_login.py:120 - - INFO----> 执行手机号格式不正确用例,调用注册接口,手机号为:187000000a0
2021-12-09 16:05:09,130 - - Tread:MainThread-->14860 - - test_login.py:123 - - INFO----> 调用手机号格式不正确接口结束响应结果为:{"message":"手机号格式不正确,请重新填写手机号!","status":"20002"}
2021-12-09 16:05:09,131 - - Tread:MainThread-->14860 - - test_login.py:142 - - INFO----> 执行手机号格式不正确用例,结果为通过
2021-12-09 16:05:09,185 - - Tread:MainThread-->14860 - - test_login.py:120 - - INFO----> 执行密码长度不对用例,调用注册接口,手机号为:18700001000
2021-12-09 16:05:09,191 - - Tread:MainThread-->14860 - - test_login.py:123 - - INFO----> 调用密码长度不对接口结束响应结果为:{"message":"密码长度必须大于6,请重新填写密码!","status":"20003"}
2021-12-09 16:05:09,191 - - Tread:MainThread-->14860 - - test_login.py:142 - - INFO----> 执行密码长度不对用例,结果为通过
2021-12-09 16:05:09,243 - - Tread:MainThread-->14860 - - test_login.py:120 - - INFO----> 执行账号已经注册过用例,调用注册接口,手机号为:18700000099
2021-12-09 16:05:09,252 - - Tread:MainThread-->14860 - - test_login.py:123 - - INFO----> 调用账号已经注册过接口结束响应结果为:{"message":"账号已经注册过,请重新选择账号!","status":"20005"}
2021-12-09 16:05:09,252 - - Tread:MainThread-->14860 - - test_login.py:142 - - INFO----> 执行账号已经注册过用例,结果为通过
2021-12-09 16:05:09,310 - - Tread:MainThread-->14860 - - test_recharge.py:62 - - INFO----> 调用接口开始
2021-12-09 16:05:09,320 - - Tread:MainThread-->14860 - - test_recharge.py:70 - - INFO----> 调用接口结束
2021-12-09 16:05:09,382 - - Tread:MainThread-->14860 - - test_recharge.py:62 - - INFO----> 调用接口开始
2021-12-09 16:05:09,398 - - Tread:MainThread-->14860 - - test_recharge.py:70 - - INFO----> 调用接口结束
2021-12-11 12:50:29,166 - - Tread:MainThread-->2260 - - test_login.py:57 - - INFO----> 执行登陆成功用例,调用登陆接口,登陆手机号为:18700000025
2021-12-11 12:50:29,218 - - Tread:MainThread-->2260 - - test_login.py:65 - - INFO----> 调用登陆成功接口结束响应结果为:{"message":"登录成功!","status":"200"}
2021-12-11 12:50:29,218 - - Tread:MainThread-->2260 - - test_login.py:83 - - INFO----> 执行登陆成功用例,结果为通过
2021-12-11 12:50:29,273 - - Tread:MainThread-->2260 - - test_login.py:57 - - INFO----> 执行手机格式不正确用例,调用登陆接口,登陆手机号为:187000000251
2021-12-11 12:50:29,280 - - Tread:MainThread-->2260 - - test_login.py:65 - - INFO----> 调用手机格式不正确接口结束响应结果为:{"data":"187000000251","message":"手机号格式不正确,请重新填写手机号!","status":"20004"}
2021-12-11 12:50:29,280 - - Tread:MainThread-->2260 - - test_login.py:83 - - INFO----> 执行手机格式不正确用例,结果为通过
2021-12-11 12:50:29,334 - - Tread:MainThread-->2260 - - test_login.py:141 - - INFO----> 执行注册成功用例,调用注册接口,手机号为:15234558039
2021-12-11 12:50:29,345 - - Tread:MainThread-->2260 - - test_login.py:144 - - INFO----> 调用注册成功接口结束响应结果为:{"message":"注册成功!","status":"200"}
2021-12-11 12:50:29,349 - - Tread:MainThread-->2260 - - test_login.py:163 - - INFO----> 执行注册成功用例,结果为通过
2021-12-11 12:50:29,404 - - Tread:MainThread-->2260 - - test_login.py:141 - - INFO----> 执行手机号已注册用例,调用注册接口,手机号为:13155555555
2021-12-11 12:50:29,412 - - Tread:MainThread-->2260 - - test_login.py:144 - - INFO----> 调用手机号已注册接口结束响应结果为:{"message":"手机号已经注册过,请直接登录!","status":"20006"}
2021-12-11 12:50:29,412 - - Tread:MainThread-->2260 - - test_login.py:163 - - INFO----> 执行手机号已注册用例,结果为通过
2021-12-11 12:50:29,469 - - Tread:MainThread-->2260 - - test_login.py:141 - - INFO----> 执行手机号格式不正确用例,调用注册接口,手机号为:187000000a0
2021-12-11 12:50:29,475 - - Tread:MainThread-->2260 - - test_login.py:144 - - INFO----> 调用手机号格式不正确接口结束响应结果为:{"message":"手机号格式不正确,请重新填写手机号!","status":"20002"}
2021-12-11 12:50:29,475 - - Tread:MainThread-->2260 - - test_login.py:163 - - INFO----> 执行手机号格式不正确用例,结果为通过
2021-12-11 12:50:29,538 - - Tread:MainThread-->2260 - - test_login.py:141 - - INFO----> 执行密码长度不对用例,调用注册接口,手机号为:18700001000
2021-12-11 12:50:29,544 - - Tread:MainThread-->2260 - - test_login.py:144 - - INFO----> 调用密码长度不对接口结束响应结果为:{"message":"密码长度必须大于6,请重新填写密码!","status":"20003"}
2021-12-11 12:50:29,545 - - Tread:MainThread-->2260 - - test_login.py:163 - - INFO----> 执行密码长度不对用例,结果为通过
2021-12-11 12:50:29,601 - - Tread:MainThread-->2260 - - test_login.py:141 - - INFO----> 执行账号已经注册过用例,调用注册接口,手机号为:18700000099
2021-12-11 12:50:29,609 - - Tread:MainThread-->2260 - - test_login.py:144 - - INFO----> 调用账号已经注册过接口结束响应结果为:{"message":"账号已经注册过,请重新选择账号!","status":"20005"}
2021-12-11 12:50:29,609 - - Tread:MainThread-->2260 - - test_login.py:163 - - INFO----> 执行账号已经注册过用例,结果为通过
2021-12-11 12:52:49,326 - - Tread:MainThread-->8240 - - test_login.py:57 - - INFO----> 执行登陆成功用例,调用登陆接口,登陆手机号为:18700000025
2021-12-11 12:52:49,341 - - Tread:MainThread-->8240 - - test_login.py:65 - - INFO----> 调用登陆成功接口结束响应结果为:{"message":"登录成功!","status":"200"}
2021-12-11 12:52:49,341 - - Tread:MainThread-->8240 - - test_login.py:83 - - INFO----> 执行登陆成功用例,结果为通过
2021-12-11 12:52:49,399 - - Tread:MainThread-->8240 - - test_login.py:57 - - INFO----> 执行手机格式不正确用例,调用登陆接口,登陆手机号为:187000000251
2021-12-11 12:52:49,406 - - Tread:MainThread-->8240 - - test_login.py:65 - - INFO----> 调用手机格式不正确接口结束响应结果为:{"data":"187000000251","message":"手机号格式不正确,请重新填写手机号!","status":"20004"}
2021-12-11 12:52:49,406 - - Tread:MainThread-->8240 - - test_login.py:83 - - INFO----> 执行手机格式不正确用例,结果为通过
2021-12-11 12:52:49,460 - - Tread:MainThread-->8240 - - test_login.py:141 - - INFO----> 执行注册成功用例,调用注册接口,手机号为:13591078007
2021-12-11 12:52:49,471 - - Tread:MainThread-->8240 - - test_login.py:144 - - INFO----> 调用注册成功接口结束响应结果为:{"message":"注册成功!","status":"200"}
2021-12-11 12:52:49,478 - - Tread:MainThread-->8240 - - test_login.py:163 - - INFO----> 执行注册成功用例,结果为通过
2021-12-11 12:52:49,535 - - Tread:MainThread-->8240 - - test_login.py:141 - - INFO----> 执行手机号已注册用例,调用注册接口,手机号为:13155555555
2021-12-11 12:52:49,544 - - Tread:MainThread-->8240 - - test_login.py:144 - - INFO----> 调用手机号已注册接口结束响应结果为:{"message":"手机号已经注册过,请直接登录!","status":"20006"}
2021-12-11 12:52:49,545 - - Tread:MainThread-->8240 - - test_login.py:163 - - INFO----> 执行手机号已注册用例,结果为通过
2021-12-11 12:52:49,610 - - Tread:MainThread-->8240 - - test_login.py:141 - - INFO----> 执行手机号格式不正确用例,调用注册接口,手机号为:187000000a0
2021-12-11 12:52:49,617 - - Tread:MainThread-->8240 - - test_login.py:144 - - INFO----> 调用手机号格式不正确接口结束响应结果为:{"message":"手机号格式不正确,请重新填写手机号!","status":"20002"}
2021-12-11 12:52:49,617 - - Tread:MainThread-->8240 - - test_login.py:163 - - INFO----> 执行手机号格式不正确用例,结果为通过
2021-12-11 12:52:49,675 - - Tread:MainThread-->8240 - - test_login.py:141 - - INFO----> 执行密码长度不对用例,调用注册接口,手机号为:18700001000
2021-12-11 12:52:49,682 - - Tread:MainThread-->8240 - - test_login.py:144 - - INFO----> 调用密码长度不对接口结束响应结果为:{"message":"密码长度必须大于6,请重新填写密码!","status":"20003"}
2021-12-11 12:52:49,682 - - Tread:MainThread-->8240 - - test_login.py:163 - - INFO----> 执行密码长度不对用例,结果为通过
2021-12-11 12:52:49,743 - - Tread:MainThread-->8240 - - test_login.py:141 - - INFO----> 执行账号已经注册过用例,调用注册接口,手机号为:18700000099
2021-12-11 12:52:49,752 - - Tread:MainThread-->8240 - - test_login.py:144 - - INFO----> 调用账号已经注册过接口结束响应结果为:{"message":"账号已经注册过,请重新选择账号!","status":"20005"}
2021-12-11 12:52:49,752 - - Tread:MainThread-->8240 - - test_login.py:163 - - INFO----> 执行账号已经注册过用例,结果为通过
2021-12-11 12:52:49,814 - - Tread:MainThread-->8240 - - test_recharge.py:84 - - INFO----> 调用接口开始
2021-12-11 12:52:49,823 - - Tread:MainThread-->8240 - - test_recharge.py:92 - - INFO----> 调用接口结束
2021-12-11 12:52:49,877 - - Tread:MainThread-->8240 - - test_recharge.py:84 - - INFO----> 调用接口开始
2021-12-11 12:52:49,892 - - Tread:MainThread-->8240 - - test_recharge.py:92 - - INFO----> 调用接口结束
